				.new_section AUTO, "drw4"
0000    49 4B 46 49 00 00 00 00 00 00 00 00 00 00 00 00 IKFI............
0010    00 00 00 20 00 00 04 00 70 27 00 20 2D 09 00 20 ... ....p'. -.. 
0020    2C 00 00 20 48 4A 02 00 00 40 00 00 00 00 00 00 ,.. HJ...@......
0030    00 00 00 00 00 00 00 00 00 00 00 00 00 00 00 00 ................
0040    00 00 00 00 00 00 00 00 00 00 00 00 00 00 00 00 ................
0050    00 00 00 00 00 00 00 00 00 00 00 00 00 00 00 00 ................
0060    00 00 00 00 00 00 00 00 00 00 00 00 00 00 00 00 ................
0070    00 07 3F 42 52 41 4E 43 48 09 00 00 00 00 82 00 ..?BRANCH.......
0080    00 20 58 09 C0 AD 75 02 89 C6 AD 8B 18 FF E3 00 . X...u.........
0090    06 42 52 41 4E 43 48 08 70 00 00 20 A0 00 00 20 .BRANCH.p.. ... 
00A0    AD 89 C6 AD 8B 18 FF E3 00 03 4C 49 54 05 8F 00 ..........LIT...
00B0    00 20 B6 00 00 20 AD 50 AD 8B 18 FF E3 00 04 32 . ... .P.......2
00C0    4C 49 54 06 A8 00 00 20 CC 00 00 20 AD 50 AD 50 LIT.... ... .P.P
00D0    AD 8B 18 FF E3 00 0D 28 44 4F 2D 56 41 52 49 41 .......(DO-VARIA
00E0    42 4C 45 29 0F BD 00 00 20 ED 00 00 20 83 C0 04 BLE).... ... ...
00F0    50 AD 8B 18 FF E3 00 06 28 44 4F 2D 3A 29 08 D5 P.......(DO-:)..
0100    00 00 20 ED 00 00 20 83 ED 04 89 75 00 83 C0 04 .. ... ....u....
0110    89 C6 AD 8B 18 FF E3 00 0D 28 44 4F 2D 43 4F 4E .........(DO-CON
0120    53 54 41 4E 54 29 0F F6 00 00 20 ED 00 00 20 FF STANT).... ... .
0130    70 04 AD 8B 18 FF E3 00 09 28 44 4F 2D 55 53 45 p........(DO-USE
0140    52 29 0B 17 01 00 20 ED 00 00 20 8B 58 04 01 FB R).... ... .X...
0150    53 AD 8B 18 FF E3 00 0A 28 44 4F 2D 44 45 46 45 S.......(DO-DEFE
0160    52 29 0C 37 01 00 20 ED 00 00 20 8B 40 04 8B 18 R).7.. ... .@...
0170    FF E3 00 0D 28 44 4F 2D 49 4E 54 2F 43 4F 4D 50 ....(DO-INT/COMP
0180    29 0F 56 01 00 20 ED 00 00 20 83 C0 04 80 3D 41 ).V.. ... ....=A
0190    03 00 20 00 74 03 83 C0 04 8B 00 8B 18 FF E3 00 .. .t...........
01A0    01 30 03 72 01 00 20 2F 01 00 20 00 00 00 00 00 .0.r.. /.. .....
01B0    0E 43 41 53 45 2D 53 45 4E 53 49 54 49 56 45 10 .CASE-SENSITIVE.
01C0    9F 01 00 20 4B 01 00 20 24 00 00 00 00 15 43 55 ... K.. $.....CU
01D0    52 52 45 4E 54 2D 46 49 4C 45 2D 50 4F 53 49 54 RRENT-FILE-POSIT
01E0    49 4F 4E 17 AF 01 00 20 4B 01 00 20 2C 00 00 00 ION.... K.. ,...
01F0    00 09 46 49 4C 45 2D 4C 49 4E 45 0B CC 01 00 20 ..FILE-LINE.... 
0200    4B 01 00 20 38 00 00 00 00 0A 23 46 49 4C 45 2D K.. 8.....#FILE-
0210    4C 49 4E 45 0C F0 01 00 20 4B 01 00 20 34 00 00 LINE.... K.. 4..
0220    00 00 14 4D 41 58 2D 46 49 4C 45 2D 4C 49 4E 45 ...MAX-FILE-LINE
0230    2D 4C 45 4E 47 54 48 16 08 02 00 20 2F 01 00 20 -LENGTH.... /.. 
0240    00 04 00 00 00 0D 55 53 45 52 2D 53 49 5A 45 2D ......USER-SIZE-
0250    56 41 52 0F 21 02 00 20 ED 00 00 20 48 4A 00 00 VAR.!.. ... HJ..
0260    00 11 45 58 43 45 50 54 49 4F 4E 2D 48 41 4E 44 ..EXCEPTION-HAND
0270    4C 45 52 13 44 02 00 20 4B 01 00 20 3C 04 00 00 LER.D.. K.. <...
0280    00 09 53 22 2D 42 55 46 46 45 52 0B 60 02 00 20 ..S"-BUFFER.`.. 
0290    4B 01 00 20 40 05 00 00 00 06 50 4F 43 4B 45 54 K.. @.....POCKET
02A0    08 80 02 00 20 4B 01 00 20 40 09 00 00 00 07 43 .... K.. @.....C
02B0    55 52 52 45 4E 54 09 98 02 00 20 4B 01 00 20 38 URRENT.... K.. 8
02C0    04 00 00 00 03 23 53 46 05 AD 02 00 20 ED 00 00 .....#SF.... ...
02D0    20 00 00 00 00 00 02 53 46 04 C3 02 00 20 ED 00  ......SF.... ..
02E0    00 20 00 00 00 00 00 0E 44 41 54 41 2D 41 52 45 . ......DATA-ARE
02F0    41 2D 42 41 53 45 10 D5 02 00 20 2F 01 00 20 00 A-BASE.... /.. .
0300    00 00 20 00 0E 44 41 54 41 2D 41 52 45 41 2D 53 .. ..DATA-AREA-S
0310    49 5A 45 10 E6 02 00 20 2F 01 00 20 14 00 00 20 IZE.... /.. ... 
0320    00 02 44 50 04 03 03 00 20 ED 00 00 20 F3 28 00 ..DP.... ... .(.
0330    20 00 05 53 54 41 54 45 07 20 03 00 20 ED 00 00  ..STATE. .. ...
0340    20 00 00 00 00 00 04 42 41 53 45 06 31 03 00 20  ......BASE.1.. 
0350    4B 01 00 20 18 00 00 00 00 02 42 4C 04 45 03 00 K.. ......BL.E..
0360    20 2F 01 00 20 20 00 04 4D 41 49 4E 06 58 03 00  /..  ..MAIN.X..
0370    20 6B 01 00 20 9F 27 00 20 00 04 50 41 47 45 06  k.. .'. ..PAGE.
0380    66 03 00 20 88 03 00 20 83 ED 04 89 7D 00 A1 60 f.. ... ....}..`
0390    00 00 20 FF D0 8B 7D 00 83 C5 04 AD 8B 18 FF E3 .. ...}.........
03A0    00 05 28 42 59 45 29 07 79 03 00 20 B0 03 00 20 ..(BYE).y.. ... 
03B0    83 ED 04 89 7D 00 A1 38 00 00 20 FF D0 8B 7D 00 ....}..8.. ...}.
03C0    83 C5 04 AD 8B 18 FF E3 00 0C 47 65 74 4C 61 73 ..........GetLas
03D0    74 45 72 72 6F 72 0E A0 03 00 20 DF 03 00 20 64 tError.... ... d
03E0    A1 18 00 00 00 FF 70 34 AD 8B 18 FF E3 00 0D 28 ......p4.......(
03F0    4C 6F 61 64 4C 69 62 72 61 72 79 29 0F C8 03 00 LoadLibrary)....
0400    20 05 04 00 20 83 ED 04 89 7D 00 A1 2C 00 00 20  ... ....}..,.. 
0410    FF D0 8B 7D 00 83 C5 04 50 AD 8B 18 FF E3 00 0B ...}....P.......
0420    46 72 65 65 4C 69 62 72 61 72 79 0D ED 03 00 20 FreeLibrary.... 
0430    34 04 00 20 83 ED 04 89 7D 00 A1 30 00 00 20 FF 4.. ....}..0.. .
0440    D0 8B 7D 00 83 C5 04 AD 8B 18 FF E3 00 10 28 47 ..}...........(G
0450    65 74 50 72 6F 63 41 64 64 72 65 73 73 29 12 1E etProcAddress)..
0460    04 00 20 67 04 00 20 83 ED 04 89 7D 00 A1 34 00 .. g.. ....}..4.
0470    00 20 FF D0 8B 7D 00 83 C5 04 50 AD 8B 18 FF E3 . ...}....P.....
0480    00 0A 43 4C 4F 53 45 2D 46 49 4C 45 0C 4C 04 00 ..CLOSE-FILE.L..
0490    20 95 04 00 20 83 ED 04 89 7D 00 A1 44 00 00 20  ... ....}..D.. 
04A0    FF D0 8B 7D 00 83 C5 04 64 A1 18 00 00 00 FF 70 ...}....d......p
04B0    34 AD 8B 18 FF E3 00 0B 43 52 45 41 54 45 2D 46 4.......CREATE-F
04C0    49 4C 45 0D 80 04 00 20 CC 04 00 20 83 ED 04 89 ILE.... ... ....
04D0    7D 00 A1 48 00 00 20 FF D0 8B 7D 00 83 C5 04 50 }..H.. ...}....P
04E0    64 A1 18 00 00 00 FF 70 34 AD 8B 18 FF E3 00 0D d......p4.......
04F0    46 49 4C 45 2D 50 4F 53 49 54 49 4F 4E 0F B6 04 FILE-POSITION...
0500    00 20 06 05 00 20 83 ED 04 89 7D 00 A1 4C 00 00 . ... ....}..L..
0510    20 FF D0 8B 7D 00 83 C5 04 50 52 64 A1 18 00 00  ...}....PRd....
0520    00 FF 70 34 AD 8B 18 FF E3 00 09 4F 50 45 4E 2D ..p4.......OPEN-
0530    46 49 4C 45 0B EE 04 00 20 3D 05 00 20 83 ED 04 FILE.... =.. ...
0540    89 7D 00 A1 50 00 00 20 FF D0 8B 7D 00 83 C5 04 .}..P.. ...}....
0550    50 64 A1 18 00 00 00 FF 70 34 AD 8B 18 FF E3 00 Pd......p4......
0560    0F 52 45 50 4F 53 49 54 49 4F 4E 2D 46 49 4C 45 .REPOSITION-FILE
0570    11 29 05 00 20 79 05 00 20 83 ED 04 89 7D 00 A1 .).. y.. ....}..
0580    54 00 00 20 FF D0 8B 7D 00 83 C5 04 64 A1 18 00 T.. ...}....d...
0590    00 00 FF 70 34 AD 8B 18 FF E3 00 0B 28 52 45 41 ...p4.......(REA
05A0    44 2D 4C 49 4E 45 29 0D 5F 05 00 20 B0 05 00 20 D-LINE)._.. ... 
05B0    83 ED 04 89 7D 00 A1 58 00 00 20 FF D0 8B 7D 00 ....}..X.. ...}.
05C0    83 C5 04 50 52 64 A1 18 00 00 00 FF 70 34 AD 8B ...PRd......p4..
05D0    18 FF E3 00 04 45 4D 49 54 06 9A 05 00 20 E2 05 .....EMIT.... ..
05E0    00 20 83 ED 04 89 7D 00 A1 3C 00 00 20 FF D0 8B . ....}..<.. ...
05F0    7D 00 83 C5 04 AD 8B 18 FF E3 00 04 54 59 50 45 }...........TYPE
0600    06 D3 05 00 20 09 06 00 20 83 ED 04 89 7D 00 A1 .... ... ....}..
0610    40 00 00 20 FF D0 8B 7D 00 83 C5 04 AD 8B 18 FF @.. ...}........
0620    E3 00 06 54 48 52 45 41 44 08 FA 05 00 20 32 06 ...THREAD.... 2.
0630    00 20 57 83 ED 04 89 7D 00 A1 5C 00 00 20 FF D0 . W....}..\.. ..
0640    8B 7D 00 83 C5 04 50 AD 8B 18 FF E3 00 08 41 4C .}....P.......AL
0650    4C 4F 43 41 54 45 0A 21 06 00 20 5F 06 00 20 83 LOCATE.!.. _.. .
0660    ED 04 89 7D 00 A1 64 00 00 20 FF D0 8B 7D 00 83 ...}..d.. ...}..
0670    C5 04 50 64 A1 18 00 00 00 FF 70 34 AD 8B 18 FF ..Pd......p4....
0680    E3 00 04 46 52 45 45 06 4C 06 00 20 90 06 00 20 ...FREE.L.. ... 
0690    83 ED 04 89 7D 00 A1 68 00 00 20 FF D0 8B 7D 00 ....}..h.. ...}.
06A0    83 C5 04 64 A1 18 00 00 00 FF 70 34 AD 8B 18 FF ...d......p4....
06B0    E3 00 06 52 45 53 49 5A 45 08 81 06 00 20 C2 06 ...RESIZE.... ..
06C0    00 20 83 ED 04 89 7D 00 A1 6C 00 00 20 FF D0 8B . ....}..l.. ...
06D0    7D 00 83 C5 04 50 64 A1 18 00 00 00 FF 70 34 AD }....Pd......p4.
06E0    8B 18 FF E3 00 09 49 4E 49 54 2D 55 53 45 52 0B ......INIT-USER.
06F0    B1 06 00 20 F8 06 00 20 FC C7 47 18 0A 00 00 00 ... ... ..G.....
0700    C7 87 38 04 00 00 7C 1D 00 20 AD 8B 18 FF E3 00 ..8...|.. ......
0710    06 28 54 59 50 45 29 08 E4 06 00 20 07 01 00 20 .(TYPE).... ... 
0720    72 17 00 20 21 23 00 20 35 16 00 20 35 16 00 20 r.. !#. 5.. 5.. 
0730    1C 19 00 20 59 17 00 20 05 06 00 20 4F 22 00 20 ... Y.. ... O". 
0740    00 09 53 4F 55 52 43 45 2D 49 44 0B 0F 07 00 20 ..SOURCE-ID.... 
0750    54 07 00 20 FF 77 20 AD 8B 18 FF E3 00 0A 53 4F T.. .w .......SO
0760    55 52 43 45 2D 49 44 21 0C 40 07 00 20 71 07 00 URCE-ID!.@.. q..
0770    20 8F 47 20 AD 8B 18 FF E3 00 08 28 53 4F 55 52  .G .......(SOUR
0780    43 45 29 0A 5C 07 00 20 07 01 00 20 00 02 00 20 CE).\.. ... ... 
0790    19 02 00 20 AC 1C 00 20 4F 22 00 20 00 06 53 4F ... ... O". ..SO
07A0    55 52 43 45 08 79 07 00 20 6B 01 00 20 88 07 00 URCE.y.. k.. ...
07B0    20 00 08 28 52 45 46 49 4C 4C 29 0A 9C 07 00 20  ..(REFILL).... 
07C0    07 01 00 20 00 02 00 20 B2 00 00 20 00 04 00 00 ... ... ... ....
07D0    50 07 00 20 BB 25 00 20 F3 15 00 20 B9 16 00 20 P.. .%. ... ... 
07E0    19 02 00 20 97 1C 00 20 A7 01 00 20 91 1F 00 20 ... ... ... ... 
07F0    97 1C 00 20 4F 22 00 20 00 06 52 45 46 49 4C 4C ... O". ..REFILL
0800    08 B1 07 00 20 6B 01 00 20 C0 07 00 20 00 0C 28 .... k.. ... ..(
0810    53 41 56 45 2D 49 4E 50 55 54 29 0E F8 07 00 20 SAVE-INPUT).... 
0820    6B 01 00 20 94 26 00 20 00 0A 53 41 56 45 2D 49 k.. .&. ..SAVE-I
0830    4E 50 55 54 0C 0D 08 00 20 07 01 00 20 20 08 00 NPUT.... ...  ..
0840    20 4F 22 00 20 00 0D 52 45 53 54 4F 52 45 2D 49  O". ..RESTORE-I
0850    4E 50 55 54 0F 28 08 00 20 07 01 00 20 5E 19 00 NPUT.(.. ... ^..
0860    20 B9 16 00 20 BE 1E 00 20 16 1B 00 20 4F 22 00  ... ... ... O".
0870    20 00 0D 28 52 45 53 45 54 2D 49 4E 50 55 54 29  ..(RESET-INPUT)
0880    0F 45 08 00 20 6B 01 00 20 44 27 00 20 00 0B 52 .E.. k.. D'. ..R
0890    45 53 45 54 2D 49 4E 50 55 54 0D 71 08 00 20 07 ESET-INPUT.q.. .
08A0    01 00 20 85 08 00 20 4F 22 00 20 04 07 49 4E 50 .. ... O". ..INP
08B0    55 54 3E 52 09 8D 08 00 20 07 01 00 20 72 17 00 UT>R.... ... r..
08C0    20 39 08 00 20 B4 18 00 20 59 17 00 20 4F 22 00  9.. ... Y.. O".
08D0    20 04 07 52 3E 49 4E 50 55 54 09 AB 08 00 20 07  ..R>INPUT.... .
08E0    01 00 20 72 17 00 20 DE 18 00 20 59 08 00 20 F3 .. r.. ... Y.. .
08F0    15 00 20 59 17 00 20 4F 22 00 20 00 0B 54 48 52 .. Y.. O". ..THR
0900    45 41 44 2D 45 58 49 54 0D D1 08 00 20 11 09 00 EAD-EXIT.... ...
0910    20 8B 77 08 8B 6F 0C 8B 67 14 8B 5F 10 64 8F 05  .w..o..g.._.d..
0920    00 00 00 00 83 C4 04 FF 37 8B 7F 04 C3 5A 89 F8 ........7....Z..
0930    5F 59 89 17 89 47 04 89 77 08 89 6F 0C 89 5F 10 _Y...G..w..o.._.
0940    8D 05 78 09 00 20 50 64 FF 35 00 00 00 00 64 89 ..x.. Pd.5....d.
0950    25 00 00 00 00 89 FD 81 C5 44 4A 00 00 89 67 14 %........DJ...g.
0960    51 8D 35 6C 09 00 20 AD 8B 18 FF E3 17 25 00 20 Q.5l.. ......%. 
0970    F3 15 00 20 0D 09 00 20 55 89 E5 53 57 56 8B 5D ... ... U..SWV.]
0980    08 8B 03 8B 5D 10 B9 CC 00 00 00 89 DE 8B BB 9C ....]...........
0990    00 00 00 81 C7 40 04 00 00 F3 A4 C7 83 B8 00 00 .....@..........
09A0    00 B7 09 00 20 89 83 B0 00 00 00 B8 00 00 00 00 .... ...........
09B0    5E 5F 5B 89 EC 5D C3 50 8D 35 C3 09 00 20 AD 8B ^_[..].P.5... ..
09C0    18 FF E3 F9 09 00 20 81 25 00 20 00 0D 28 53 45 ...... .%. ..(SE
09D0    48 2D 48 41 4E 44 4C 45 52 29 0F FB 08 00 20 07 H-HANDLER).... .
09E0    01 00 20 4F 22 00 20 00 0B 53 45 48 2D 48 41 4E .. O". ..SEH-HAN
09F0    44 4C 45 52 0D CB 09 00 20 6B 01 00 20 DF 09 00 DLER.... k.. ...
0A00    20 00 17 57 49 4E 33 32 2D 45 58 43 45 50 54 49  ..WIN32-EXCEPTI
0A10    4F 4E 2D 43 4F 4E 54 45 58 54 19 E7 09 00 20 4B ON-CONTEXT.... K
0A20    01 00 20 40 04 00 00 00 0C 49 53 2D 49 4E 54 2F .. @.....IS-INT/
0A30    43 4F 4D 50 3F 0E 01 0A 00 20 07 01 00 20 AC 1C COMP?.... ... ..
0A40    00 20 B2 00 00 20 8A 01 00 20 83 1B 00 20 4F 22 . ... ... ... O"
0A50    00 20 00 0C 49 4E 54 2F 43 4F 4D 50 3E 49 4E 54 . ..INT/COMP>INT
0A60    0E 27 0A 00 20 07 01 00 20 AD 23 00 20 AC 1C 00 .'.. ... .#. ...
0A70    20 4F 22 00 20 00 0D 49 4E 54 2F 43 4F 4D 50 3E  O". ..INT/COMP>
0A80    43 4F 4D 50 0F 52 0A 00 20 07 01 00 20 AD 23 00 COMP.R.. ... .#.
0A90    20 22 1D 00 20 AC 1C 00 20 4F 22 00 20 00 05 43  ".. ... O". ..C
0AA0    4F 4D 50 27 07 75 0A 00 20 07 01 00 20 61 03 00 OMP'.u.. ... a..
0AB0    20 1F 20 00 20 A8 1E 00 20 07 16 00 20 EB 1B 00  . . ... ... ...
0AC0    20 7E 00 00 20 D5 0A 00 20 B2 00 00 20 F3 FF FF  ~.. ... ... ...
0AD0    FF 81 25 00 20 35 16 00 20 3A 0A 00 20 2C 1B 00 ..%. 5.. :.. ,..
0AE0    20 83 1B 00 20 7E 00 00 20 F9 0A 00 20 B9 16 00  ... ~.. ... ...
0AF0    20 89 0A 00 20 B9 16 00 20 C9 1B 00 20 7E 00 00  ... ... ... ~..
0B00    20 15 0B 00 20 B2 00 00 20 FC 21 00 20 9C 00 00  ... ... .!. ...
0B10    20 1D 0B 00 20 B2 00 00 20 BE 1E 00 20 4F 22 00  ... ... ... O".
0B20    20 00 09 50 4F 53 54 50 4F 4E 45 2C 0B 9D 0A 00  ..POSTPONE,....
0B30    20 07 01 00 20 B9 16 00 20 6C 22 00 20 FC 21 00  ... ... l". .!.
0B40    20 4F 22 00 20 01 08 50 4F 53 54 50 4F 4E 45 0A  O". ..POSTPONE.
0B50    21 0B 00 20 07 01 00 20 A9 0A 00 20 31 0B 00 20 !.. ... ... 1.. 
0B60    4F 22 00 20 00 0E 3E 4E 55 4D 42 45 52 2D 53 49 O". ..>NUMBER-SI
0B70    47 4E 45 44 10 45 0B 00 20 4B 01 00 20 28 00 00 GNED.E.. K.. (..
0B80    00 00 0E 44 4F 2D 49 4E 54 2D 44 45 46 49 4E 45 ...DO-INT-DEFINE
0B90    44 10 64 0B 00 20 07 01 00 20 35 16 00 20 2A 14 D.d.. ... 5.. *.
0BA0    00 20 67 13 00 20 B2 00 00 20 04 00 00 00 5B 1A . g.. ... ....[.
0BB0    00 20 0E 1C 00 20 7E 00 00 20 CA 0B 00 20 B2 00 . ... ~.. ... ..
0BC0    00 20 F2 FF FF FF 81 25 00 20 F3 15 00 20 BE 1E . .....%. ... ..
0BD0    00 20 4F 22 00 20 00 0F 44 4F 2D 43 4F 4D 50 2D . O". ..DO-COMP-
0BE0    44 45 46 49 4E 45 44 11 81 0B 00 20 07 01 00 20 DEFINED.... ... 
0BF0    30 1C 00 20 7E 00 00 20 08 0C 00 20 BE 1E 00 20 0.. ~.. ... ... 
0C00    9C 00 00 20 0C 0C 00 20 FC 21 00 20 4F 22 00 20 ... ... .!. O". 
0C10    00 0A 44 4F 2D 44 45 46 49 4E 45 44 0C D6 0B 00 ..DO-DEFINED....
0C20    20 07 01 00 20 3D 03 00 20 AC 1C 00 20 7E 00 00  ... =.. ... ~..
0C30    20 41 0C 00 20 EC 0B 00 20 9C 00 00 20 45 0C 00  A.. ... ... E..
0C40    20 96 0B 00 20 4F 22 00 20 00 0D 49 4C 2D 43 48  ... O". ..IL-CH
0C50    45 43 4B 2D 53 49 47 4E 0F 10 0C 00 20 07 01 00 ECK-SIGN.... ...
0C60    20 16 1B 00 20 79 0B 00 20 97 1C 00 20 35 16 00  ... y.. ... 5..
0C70    20 07 1D 00 20 07 16 00 20 B2 00 00 20 2D 00 00  ... ... ... -..
0C80    00 A6 1B 00 20 7E 00 00 20 A9 0C 00 20 B2 00 00 .... ~.. ... ...
0C90    20 2B 00 00 00 A6 1B 00 20 7E 00 00 20 B9 0C 00  +...... ~.. ...
0CA0    20 9C 00 00 20 C9 0C 00 20 F3 15 00 20 2C 1B 00  ... ... ... ,..
0CB0    20 79 0B 00 20 97 1C 00 20 B9 16 00 20 57 1D 00  y.. ... ... W..
0CC0    20 B9 16 00 20 5E 19 00 20 4F 22 00 20 00 0C 49  ... ^.. O". ..I
0CD0    4C 2D 43 48 45 43 4B 2D 4C 49 54 0E 49 0C 00 20 L-CHECK-LIT.I.. 
0CE0    07 01 00 20 A7 01 00 20 07 16 00 20 D7 15 00 20 ... ... ... ... 
0CF0    C7 23 00 20 07 16 00 20 EB 1B 00 20 7E 00 00 20 .#. ... ... ~.. 
0D00    2C 0D 00 20 84 15 00 20 F3 15 00 20 79 0B 00 20 ,.. ... ... y.. 
0D10    AC 1C 00 20 7E 00 00 20 20 0D 00 20 F1 19 00 20 ... ~..  .. ... 
0D20    2C 1B 00 20 9C 00 00 20 30 0D 00 20 16 1B 00 20 ,.. ... 0.. ... 
0D30    4F 22 00 20 00 06 44 4F 2D 4C 49 54 08 CD 0C 00 O". ..DO-LIT....
0D40    20 07 01 00 20 3D 03 00 20 AC 1C 00 20 7E 00 00  ... =.. ... ~..
0D50    20 59 0D 00 20 6C 22 00 20 4F 22 00 20 00 0D 49  Y.. l". O". ..I
0D60    4C 2D 43 48 45 43 4B 2D 32 4C 49 54 0F 34 0D 00 L-CHECK-2LIT.4..
0D70    20 07 01 00 20 5E 19 00 20 EB 1B 00 20 7E 00 00  ... ^.. ... ~..
0D80    20 BD 0D 00 20 07 1D 00 20 B2 00 00 20 2E 00 00  ... ... ... ...
0D90    00 83 1B 00 20 7E 00 00 20 C1 0D 00 20 79 0B 00 .... ~.. ... y..
0DA0    20 AC 1C 00 20 7E 00 00 20 B1 0D 00 20 8A 23 00  ... ~.. ... .#.
0DB0    20 2C 1B 00 20 9C 00 00 20 C9 0D 00 20 F3 15 00  ,.. ... ... ...
0DC0    20 84 15 00 20 16 1B 00 20 4F 22 00 20 00 07 44  ... ... O". ..D
0DD0    4F 2D 32 4C 49 54 09 5D 0D 00 20 07 01 00 20 3D O-2LIT.].. ... =
0DE0    03 00 20 AC 1C 00 20 7E 00 00 20 F3 0D 00 20 40 .. ... ~.. ... @
0DF0    23 00 20 4F 22 00 20 00 11 49 4E 54 45 52 50 52 #. O". ..INTERPR
0E00    45 54 2D 4C 49 54 45 52 41 4C 13 CD 0D 00 20 07 ET-LITERAL.... .
0E10    01 00 20 07 16 00 20 A7 01 00 20 A6 1B 00 20 7E .. ... ... ... ~
0E20    00 00 20 A3 0E 00 20 5D 0C 00 20 07 16 00 20 B2 .. ... ].. ... .
0E30    00 00 20 01 00 00 00 83 1B 00 20 7E 00 00 20 6B .. ....... ~.. k
0E40    0E 00 20 35 16 00 20 07 1D 00 20 B2 00 00 20 2E .. 5.. ... ... .
0E50    00 00 00 83 1B 00 20 7E 00 00 20 6B 0E 00 20 84 ...... ~.. k.. .
0E60    15 00 20 9C 00 00 20 A3 0E 00 20 E0 0C 00 20 7E .. ... ... ... ~
0E70    00 00 20 87 0E 00 20 41 0D 00 20 2C 1B 00 20 9C .. ... A.. ,.. .
0E80    00 00 20 A7 0E 00 20 71 0D 00 20 7E 00 00 20 A3 .. ... q.. ~.. .
0E90    0E 00 20 DB 0D 00 20 2C 1B 00 20 9C 00 00 20 A7 .. ... ,.. ... .
0EA0    0E 00 20 16 1B 00 20 4F 22 00 20 00 0E 49 4E 54 .. ... O". ..INT
0EB0    45 52 50 52 45 54 2D 57 4F 52 44 10 F7 0D 00 20 ERPRET-WORD.... 
0EC0    07 01 00 20 A8 1E 00 20 67 15 00 20 7E 00 00 20 ... ... g.. ~.. 
0ED0    E0 0E 00 20 21 0C 00 20 9C 00 00 20 18 0F 00 20 ... !.. ... ... 
0EE0    07 16 00 20 59 17 00 20 21 23 00 20 0F 0E 00 20 ... Y.. !#. ... 
0EF0    76 1A 00 20 7E 00 00 20 10 0F 00 20 72 17 00 20 v.. ~.. ... r.. 
0F00    21 23 00 20 74 0F 00 20 9C 00 00 20 18 0F 00 20 !#. t.. ... ... 
0F10    72 17 00 20 F3 15 00 20 4F 22 00 20 00 1A 28 49 r.. ... O". ..(I
0F20    4E 54 45 52 50 52 45 54 2D 57 4F 52 44 2D 4E 4F NTERPRET-WORD-NO
0F30    54 2D 46 4F 55 4E 44 29 1C AB 0E 00 20 07 01 00 T-FOUND).... ...
0F40    20 84 15 00 20 B2 00 00 20 F3 FF FF FF 81 25 00  ... ... .....%.
0F50    20 4F 22 00 20 00 18 49 4E 54 45 52 50 52 45 54  O". ..INTERPRET
0F60    2D 57 4F 52 44 2D 4E 4F 54 2D 46 4F 55 4E 44 1A -WORD-NOT-FOUND.
0F70    1C 0F 00 20 6B 01 00 20 3D 0F 00 20 00 09 49 4E ... k.. =.. ..IN
0F80    54 45 52 50 52 45 54 0B 55 0F 00 20 07 01 00 20 TERPRET.U.. ... 
0F90    61 03 00 20 1F 20 00 20 07 16 00 20 21 23 00 20 a.. . . ... !#. 
0FA0    1E 16 00 20 7E 00 00 20 B8 0F 00 20 C0 0E 00 20 ... ~.. ... ... 
0FB0    9C 00 00 20 90 0F 00 20 F3 15 00 20 4F 22 00 20 ... ... ... O". 
0FC0    00 0F 52 45 50 4F 52 54 2D 4E 45 57 2D 4E 41 4D ..REPORT-NEW-NAM
0FD0    45 11 7C 0F 00 20 ED 00 00 20 00 00 00 00 00 19 E.|.. ... ......
0FE0    52 45 50 4F 52 54 2D 4E 45 57 2D 4E 41 4D 45 2D REPORT-NEW-NAME-
0FF0    44 55 50 4C 49 43 41 54 45 1B C0 0F 00 20 ED 00 DUPLICATE.... ..
1000    00 20 00 00 00 00 00 0F 4D 41 58 2D 4E 41 4D 45 . ......MAX-NAME
1010    2D 4C 45 4E 47 54 48 11 DE 0F 00 20 ED 00 00 20 -LENGTH.... ... 
1020    20 00 00 00 00 06 26 55 53 55 41 4C 08 06 10 00  .....&USUAL....
1030    20 2F 01 00 20 00 00 00 00 00 0A 26 49 4D 4D 45  /.. ......&IMME
1040    44 49 41 54 45 0C 24 10 00 20 2F 01 00 20 01 00 DIATE.$.. /.. ..
1050    00 00 00 07 26 48 49 44 44 45 4E 09 39 10 00 20 ....&HIDDEN.9.. 
1060    2F 01 00 20 02 00 00 00 00 0D 26 43 4F 4D 50 49 /.. ......&COMPI
1070    4C 45 2D 4F 4E 4C 59 0F 52 10 00 20 2F 01 00 20 LE-ONLY.R.. /.. 
1080    04 00 00 00 00 17 26 49 4D 4D 45 44 49 41 54 45 ......&IMMEDIATE
1090    2F 43 4F 4D 50 49 4C 45 2D 4F 4E 4C 59 19 68 10 /COMPILE-ONLY.h.
10A0    00 20 2F 01 00 20 05 00 00 00 00 0C 4C 41 54 45 . /.. ......LATE
10B0    53 54 2D 48 45 41 44 40 0E 84 10 00 20 C1 10 00 ST-HEAD@.... ...
10C0    20 8B 87 38 04 00 00 FF 30 AD 8B 18 FF E3 00 0C  ..8....0.......
10D0    4C 41 54 45 53 54 2D 48 45 41 44 21 0E AA 10 00 LATEST-HEAD!....
10E0    20 E5 10 00 20 8B 87 38 04 00 00 8F 00 AD 8B 18  ... ..8........
10F0    FF E3 00 0A 43 48 45 43 4B 2D 4E 41 4D 45 0C CE ....CHECK-NAME..
1100    10 00 20 07 01 00 20 07 16 00 20 EB 1B 00 20 7E .. ... ... ... ~
1110    00 00 20 23 11 00 20 B2 00 00 20 F0 FF FF FF 81 .. #.. ... .....
1120    25 00 20 07 16 00 20 1C 10 00 20 AC 1C 00 20 61 %. ... ... ... a
1130    1B 00 20 7E 00 00 20 47 11 00 20 B2 00 00 20 ED .. ~.. G.. ... .
1140    FF FF FF 81 25 00 20 4F 22 00 20 00 0D 28 52 45 ....%. O". ..(RE
1150    50 4F 52 54 2D 4E 41 4D 45 29 0F F2 10 00 20 07 PORT-NAME).... .
1160    01 00 20 D6 0F 00 20 AC 1C 00 20 7E 00 00 20 81 .. ... ... ~.. .
1170    11 00 20 9A 15 00 20 05 06 00 20 1C 07 00 20 01 .. ... ... ... .
1180    20 FE 0F 00 20 AC 1C 00 20 7E 00 00 20 D4 11 00  ... ... ~.. ...
1190    20 9A 15 00 20 BB 02 00 20 AC 1C 00 20 A9 1D 00  ... ... ... ...
11A0    20 0E 1C 00 20 7E 00 00 20 D4 11 00 20 F3 15 00  ... ~.. ... ...
11B0    20 1C 07 00 20 10 52 65 64 65 66 69 6E 69 74 69  ... .Redefiniti
11C0    6F 6E 20 6F 66 20 9A 15 00 20 05 06 00 20 1C 07 on of ... ... ..
11D0    00 20 01 20 4F 22 00 20 00 0B 52 45 50 4F 52 54 . . O". ..REPORT
11E0    2D 4E 41 4D 45 0D 4B 11 00 20 6B 01 00 20 5F 11 -NAME.K.. k.. _.
11F0    00 20 00 09 28 48 45 41 44 45 52 2C 29 0B D8 11 . ..(HEADER,)...
1200    00 20 07 01 00 20 8F 22 00 20 59 17 00 20 2D 22 . ... .". Y.. -"
1210    00 20 B9 16 00 20 35 16 00 20 07 16 00 20 2D 22 . ... 5.. ... -"
1220    00 20 67 15 00 20 7E 00 00 20 4A 12 00 20 8F 22 . g.. ~.. J.. ."
1230    00 20 B9 16 00 20 07 16 00 20 14 22 00 20 AB 22 . ... ... .". ."
1240    00 20 9C 00 00 20 4E 12 00 20 F3 15 00 20 B2 00 . ... N.. ... ..
1250    00 20 02 00 00 00 1C 19 00 20 2D 22 00 20 BD 10 . ....... -". ..
1260    00 20 D4 21 00 20 72 17 00 20 E1 10 00 20 4F 22 . .!. r.. ... O"
1270    00 20 00 06 28 43 46 41 2C 29 08 F2 11 00 20 07 . ..(CFA,).... .
1280    01 00 20 07 16 00 20 EB 1B 00 20 7E 00 00 20 A7 .. ... ... ~.. .
1290    12 00 20 F3 15 00 20 8F 22 00 20 B2 00 00 20 04 .. ... .". ... .
12A0    00 00 00 1C 19 00 20 8F 22 00 20 B9 16 00 20 D4 ...... .". ... .
12B0    21 00 20 4F 22 00 20 00 07 48 45 41 44 45 52 2C !. O". ..HEADER,
12C0    09 72 12 00 20 07 01 00 20 02 12 00 20 7F 12 00 .r.. ... ... ...
12D0    20 4F 22 00 20 00 0D 43 48 45 43 4B 2D 48 45 41  O". ..CHECK-HEA
12E0    44 45 52 2C 0F B7 12 00 20 07 01 00 20 59 17 00 DER,.... ... Y..
12F0    20 03 11 00 20 EA 11 00 20 72 17 00 20 C5 12 00  ... ... r.. ...
1300    20 4F 22 00 20 00 13 50 41 52 53 45 2D 43 48 45  O". ..PARSE-CHE
1310    43 4B 2D 48 45 41 44 45 52 2C 15 D5 12 00 20 07 CK-HEADER,.... .
1320    01 00 20 59 17 00 20 61 03 00 20 1F 20 00 20 21 .. Y.. a.. . . !
1330    23 00 20 72 17 00 20 E9 12 00 20 4F 22 00 20 00 #. r.. ... O". .
1340    07 48 46 4C 41 47 53 21 09 05 13 00 20 07 01 00 .HFLAGS!.... ...
1350    20 F1 1C 00 20 4F 22 00 20 00 07 48 46 4C 41 47  ... O". ..HFLAG
1360    53 40 09 3F 13 00 20 07 01 00 20 07 1D 00 20 4F S@.?.. ... ... O
1370    22 00 20 00 0B 53 45 54 2D 48 46 4C 41 47 53 21 ". ..SET-HFLAGS!
1380    0D 59 13 00 20 07 01 00 20 BD 10 00 20 07 16 00 .Y.. ... ... ...
1390    20 67 13 00 20 4D 16 00 20 8C 1A 00 20 B9 16 00  g.. M.. ... ...
13A0    20 4D 13 00 20 4F 22 00 20 00 0D 52 45 53 45 54  M.. O". ..RESET
13B0    2D 48 46 4C 41 47 53 21 0F 73 13 00 20 07 01 00 -HFLAGS!.s.. ...
13C0    20 BD 10 00 20 07 16 00 20 67 13 00 20 4D 16 00  ... ... g.. M..
13D0    20 76 1A 00 20 5B 1A 00 20 B9 16 00 20 4D 13 00  v.. [.. ... M..
13E0    20 4F 22 00 20 00 0E 49 4E 56 45 52 54 2D 48 46  O". ..INVERT-HF
13F0    4C 41 47 53 21 10 A9 13 00 20 07 01 00 20 BD 10 LAGS!.... ... ..
1400    00 20 07 16 00 20 67 13 00 20 4D 16 00 20 A4 1A . ... g.. M.. ..
1410    00 20 B9 16 00 20 4D 13 00 20 4F 22 00 20 00 05 . ... M.. O". ..
1420    3E 48 45 41 44 07 E5 13 00 20 2E 14 00 20 58 83 >HEAD.... ... X.
1430    E8 05 31 DB 8A 18 29 D8 50 AD 8B 18 FF E3 00 05 ..1...).P.......
1440    48 45 41 44 3E 07 1E 14 00 20 4E 14 00 20 58 40 HEAD>.... N.. X@
1450    31 DB 8A 18 01 D8 83 C0 06 50 AD 8B 18 FF E3 00 1........P......
1460    09 48 45 41 44 3E 4E 41 4D 45 0B 3E 14 00 20 07 .HEAD>NAME.>.. .
1470    01 00 20 49 19 00 20 4F 22 00 20 00 09 4E 41 4D .. I.. O". ..NAM
1480    45 3E 48 45 41 44 0B 5F 14 00 20 07 01 00 20 5E E>HEAD._.. ... ^
1490    19 00 20 4F 22 00 20 00 05 3E 4E 41 4D 45 07 7B .. O". ..>NAME.{
14A0    14 00 20 07 01 00 20 2A 14 00 20 6F 14 00 20 4F .. ... *.. o.. O
14B0    22 00 20 00 05 4E 41 4D 45 3E 07 97 14 00 20 07 ". ..NAME>.... .
14C0    01 00 20 8B 14 00 20 4A 14 00 20 4F 22 00 20 00 .. ... J.. O". .
14D0    05 3E 4C 49 4E 4B 07 B3 14 00 20 07 01 00 20 B2 .>LINK.... ... .
14E0    00 00 20 04 00 00 00 32 19 00 20 4F 22 00 20 00 .. ....2.. O". .
14F0    05 4C 49 4E 4B 3E 07 CF 14 00 20 07 01 00 20 B2 .LINK>.... ... .
1500    00 00 20 04 00 00 00 1C 19 00 20 4F 22 00 20 00 .. ....... O". .
1510    08 48 3E 4E 45 58 54 3E 48 0A EF 14 00 20 07 01 .H>NEXT>H.... ..
1520    00 20 4A 14 00 20 DB 14 00 20 AC 1C 00 20 4F 22 . J.. ... ... O"
1530    00 20 00 07 48 3E 23 4E 41 4D 45 09 0F 15 00 20 . ..H>#NAME.... 
1540    07 01 00 20 6F 14 00 20 07 16 00 20 49 19 00 20 ... o.. ... I.. 
1550    B9 16 00 20 07 1D 00 20 4F 22 00 20 00 04 3F 44 ... ... O". ..?D
1560    55 50 06 32 15 00 20 6B 15 00 20 8B 04 24 21 C0 UP.2.. k.. ..$!.
1570    74 01 50 AD 8B 18 FF E3 00 05 32 44 52 4F 50 07 t.P.......2DROP.
1580    5C 15 00 20 88 15 00 20 58 58 AD 8B 18 FF E3 00 \.. ... XX......
1590    04 32 44 55 50 06 78 15 00 20 9E 15 00 20 8B 44 .2DUP.x.. ... .D
15A0    24 04 8B 1C 24 50 53 AD 8B 18 FF E3 00 05 32 4F $...$PS.......2O
15B0    56 45 52 07 8F 15 00 20 BC 15 00 20 8B 44 24 0C VER.... ... .D$.
15C0    8B 5C 24 08 50 53 AD 8B 18 FF E3 00 05 32 53 57 .\$.PS.......2SW
15D0    41 50 07 AC 15 00 20 DB 15 00 20 5A 59 5B 58 51 AP.... ... ZY[XQ
15E0    52 50 53 AD 8B 18 FF E3 00 04 44 52 4F 50 06 CB RPS.......DROP..
15F0    15 00 20 F7 15 00 20 58 AD 8B 18 FF E3 00 03 44 .. ... X.......D
1600    55 50 05 E8 15 00 20 0B 16 00 20 8B 04 24 50 AD UP.... ... ..$P.
1610    8B 18 FF E3 00 03 4E 49 50 05 FD 15 00 20 22 16 ......NIP.... ".
1620    00 20 58 5B 50 AD 8B 18 FF E3 00 04 4F 56 45 52 . X[P.......OVER
1630    06 14 16 00 20 39 16 00 20 8B 44 24 04 50 AD 8B .... 9.. .D$.P..
1640    18 FF E3 00 03 52 4F 54 05 2A 16 00 20 51 16 00 .....ROT.*.. Q..
1650    20 59 5B 58 53 51 50 AD 8B 18 FF E3 00 04 32 52  Y[XSQP.......2R
1660    4F 54 06 43 16 00 20 6B 16 00 20 83 ED 04 89 7D OT.C.. k.. ....}
1670    00 83 ED 04 89 75 00 5A 59 5B 58 5F 5E 50 53 51 .....u.ZY[X_^PSQ
1680    52 56 57 8B 75 00 83 C5 04 8B 7D 00 83 C5 04 AD RVW.u.....}.....
1690    8B 18 FF E3 00 04 2D 52 4F 54 06 5C 16 00 20 A3 ......-ROT.\.. .
16A0    16 00 20 59 5B 58 51 50 53 AD 8B 18 FF E3 00 04 .. Y[XQPS.......
16B0    53 57 41 50 06 94 16 00 20 BD 16 00 20 58 5B 50 SWAP.... ... X[P
16C0    53 AD 8B 18 FF E3 00 04 50 49 43 4B 06 AE 16 00 S.......PICK....
16D0    20 D5 16 00 20 5B 8B 04 9C 50 AD 8B 18 FF E3 00  ... [...P......
16E0    04 54 55 43 4B 06 C6 16 00 20 EE 16 00 20 58 5B .TUCK.... ... X[
16F0    50 53 50 AD 8B 18 FF E3 00 07 44 53 2D 53 49 5A PSP.......DS-SIZ
1700    45 09 DF 16 00 20 2F 01 00 20 00 40 00 00 00 03 E.... /.. .@....
1710    53 50 30 05 F8 16 00 20 1C 17 00 20 FF 77 14 AD SP0.... ... .w..
1720    8B 18 FF E3 00 03 53 50 40 05 0E 17 00 20 32 17 ......SP@.... 2.
1730    00 20 89 E0 50 AD 8B 18 FF E3 00 03 53 50 21 05 . ..P.......SP!.
1740    24 17 00 20 48 17 00 20 58 89 C4 AD 8B 18 FF E3 $.. H.. X.......
1750    04 02 3E 52 04 3A 17 00 20 5D 17 00 20 58 83 ED ..>R.:.. ].. X..
1760    04 89 45 00 AD 8B 18 FF E3 04 02 52 3E 04 50 17 ..E........R>.P.
1770    00 20 76 17 00 20 8B 45 00 83 C5 04 50 AD 8B 18 . v.. .E....P...
1780    FF E3 00 02 52 40 04 69 17 00 20 8F 17 00 20 8B ....R@.i.. ... .
1790    45 00 50 AD 8B 18 FF E3 04 03 32 3E 52 05 82 17 E.P.......2>R...
17A0    00 20 A6 17 00 20 5B 58 83 ED 04 89 45 00 83 ED . ... [X....E...
17B0    04 89 5D 00 AD 8B 18 FF E3 04 03 32 52 3E 05 98 ..]........2R>..
17C0    17 00 20 C7 17 00 20 8B 5D 00 83 C5 04 8B 45 00 .. ... .].....E.
17D0    83 C5 04 50 53 AD 8B 18 FF E3 00 03 32 52 40 05 ...PS.......2R@.
17E0    B9 17 00 20 E8 17 00 20 8B 5D 00 8B 45 04 50 53 ... ... .]..E.PS
17F0    AD 8B 18 FF E3 00 06 52 2D 50 49 43 4B 08 DA 17 .......R-PICK...
1800    00 20 06 18 00 20 5B 8B 44 9D 00 50 AD 8B 18 FF . ... [.D..P....
1810    E3 00 07 52 53 2D 53 49 5A 45 09 F5 17 00 20 2F ...RS-SIZE.... /
1820    01 00 20 00 40 00 00 00 03 52 50 30 05 11 18 00 .. .@....RP0....
1830    20 35 18 00 20 8D 87 44 4A 00 00 50 AD 8B 18 FF  5.. ..DJ..P....
1840    E3 00 03 52 50 40 05 27 18 00 20 4F 18 00 20 55 ...RP@.'.. O.. U
1850    AD 8B 18 FF E3 04 03 52 50 21 05 41 18 00 20 63 .......RP!.A.. c
1860    18 00 20 5D AD 8B 18 FF E3 04 02 2B 52 04 55 18 .. ].......+R.U.
1870    00 20 76 18 00 20 8B 04 24 83 ED 04 89 45 00 AD . v.. ..$....E..
1880    8B 18 FF E3 04 03 32 2B 52 05 69 18 00 20 92 18 ......2+R.i.. ..
1890    00 20 8B 04 24 8B 5C 24 04 83 ED 04 89 5D 00 83 . ..$.\$.....]..
18A0    ED 04 89 45 00 AD 8B 18 FF E3 04 03 4E 3E 52 05 ...E........N>R.
18B0    84 18 00 20 B8 18 00 20 59 89 C8 09 C9 E3 0A 5B ... ... Y......[
18C0    83 ED 04 89 5D 00 49 EB F4 83 ED 04 89 45 00 AD ....].I......E..
18D0    8B 18 FF E3 04 03 4E 52 3E 05 AA 18 00 20 E2 18 ......NR>.... ..
18E0    00 20 8B 4D 00 83 C5 04 89 C8 09 C9 E3 0A 8B 5D . .M...........]
18F0    00 83 C5 04 53 49 EB F4 50 AD 8B 18 FF E3 00 01 ....SI..P.......
1900    2A 03 D4 18 00 20 0A 19 00 20 58 5B F7 EB 50 AD *.... ... X[..P.
1910    8B 18 FF E3 00 01 2B 03 FE 18 00 20 20 19 00 20 ......+....  .. 
1920    58 5B 01 D8 50 AD 8B 18 FF E3 00 01 2D 03 14 19 X[..P.......-...
1930    00 20 36 19 00 20 5B 58 29 D8 50 AD 8B 18 FF E3 . 6.. [X).P.....
1940    00 02 31 2B 04 2A 19 00 20 4D 19 00 20 58 40 50 ..1+.*.. M.. X@P
1950    AD 8B 18 FF E3 00 02 31 2D 04 40 19 00 20 62 19 .......1-.@.. b.
1960    00 20 58 48 50 AD 8B 18 FF E3 00 02 32 2A 04 55 . XHP.......2*.U
1970    19 00 20 77 19 00 20 58 D1 E0 50 AD 8B 18 FF E3 .. w.. X..P.....
1980    00 02 32 2F 04 6A 19 00 20 8D 19 00 20 58 D1 F8 ..2/.j.. ... X..
1990    50 AD 8B 18 FF E3 00 06 4C 53 48 49 46 54 08 80 P.......LSHIFT..
19A0    19 00 20 A7 19 00 20 59 58 D3 E0 50 AD 8B 18 FF .. ... YX..P....
19B0    E3 00 06 52 53 48 49 46 54 08 96 19 00 20 C2 19 ...RSHIFT.... ..
19C0    00 20 59 58 D3 E8 50 AD 8B 18 FF E3 00 02 4D 2A . YX..P.......M*
19D0    04 B1 19 00 20 D9 19 00 20 58 5B F7 EB 50 52 AD .... ... X[..PR.
19E0    8B 18 FF E3 00 06 4E 45 47 41 54 45 08 CC 19 00 ......NEGATE....
19F0    20 F5 19 00 20 58 F7 D8 50 AD 8B 18 FF E3 00 06  ... X..P.......
1A00    53 4D 2F 52 45 4D 08 E4 19 00 20 0F 1A 00 20 5B SM/REM.... ... [
1A10    5A 58 F7 FB 52 50 AD 8B 18 FF E3 00 03 55 4D 2A ZX..RP.......UM*
1A20    05 FE 19 00 20 29 1A 00 20 5B 58 F7 E3 50 52 AD .... ).. [X..PR.
1A30    8B 18 FF E3 00 06 55 4D 2F 4D 4F 44 08 1B 1A 00 ......UM/MOD....
1A40    20 45 1A 00 20 5B 5A 58 F7 F3 52 50 AD 8B 18 FF  E.. [ZX..RP....
1A50    E3 00 03 41 4E 44 05 34 1A 00 20 5F 1A 00 20 5B ...AND.4.. _.. [
1A60    58 21 D8 50 AD 8B 18 FF E3 00 06 49 4E 56 45 52 X!.P.......INVER
1A70    54 08 51 1A 00 20 7A 1A 00 20 58 F7 D0 50 AD 8B T.Q.. z.. X..P..
1A80    18 FF E3 00 02 4F 52 04 69 1A 00 20 90 1A 00 20 .....OR.i.. ... 
1A90    5B 58 09 D8 50 AD 8B 18 FF E3 00 03 58 4F 52 05 [X..P.......XOR.
1AA0    83 1A 00 20 A8 1A 00 20 5B 58 31 D8 50 AD 8B 18 ... ... [X1.P...
1AB0    FF E3 00 03 55 44 2F 05 9A 1A 00 20 C0 1A 00 20 ....UD/.... ... 
1AC0    83 ED 04 89 7D 00 83 ED 04 89 75 00 59 5B 5A 58 ....}.....u.Y[ZX
1AD0    55 BD 40 00 00 00 31 F6 31 FF D1 E0 D1 D2 D1 D7 U.@...1.1.......
1AE0    D1 D6 39 CE 77 06 72 09 39 DF 72 05 29 DF 19 CE ..9.w.r.9.r.)...
1AF0    40 4D 75 E6 5D 57 56 50 52 8B 75 00 83 C5 04 8B @Mu.]WVPR.u.....
1B00    7D 00 83 C5 04 AD 8B 18 FF E3 00 05 46 41 4C 53 }...........FALS
1B10    45 07 B2 1A 00 20 1A 1B 00 20 6A 00 AD 8B 18 FF E.... ... j.....
1B20    E3 00 04 54 52 55 45 06 0A 1B 00 20 30 1B 00 20 ...TRUE.... 0.. 
1B30    6A FF AD 8B 18 FF E3 00 01 3C 03 21 1B 00 20 43 j........<.!.. C
1B40    1B 00 20 5B 58 39 D8 B8 FF FF FF FF 7C 05 B8 00 .. [X9......|...
1B50    00 00 00 50 AD 8B 18 FF E3 00 01 3E 03 37 1B 00 ...P.......>.7..
1B60    20 65 1B 00 20 5B 58 39 D8 B8 FF FF FF FF 7F 05  e.. [X9........
1B70    B8 00 00 00 00 50 AD 8B 18 FF E3 00 01 3D 03 59 .....P.......=.Y
1B80    1B 00 20 87 1B 00 20 5B 58 39 D8 B8 FF FF FF FF .. ... [X9......
1B90    74 05 B8 00 00 00 00 50 AD 8B 18 FF E3 00 02 3C t......P.......<
1BA0    3E 04 7B 1B 00 20 AA 1B 00 20 5B 58 39 D8 B8 FF >.{.. ... [X9...
1BB0    FF FF FF 75 05 B8 00 00 00 00 50 AD 8B 18 FF E3 ...u......P.....
1BC0    00 02 30 3C 04 9D 1B 00 20 CD 1B 00 20 58 09 C0 ..0<.... ... X..
1BD0    B8 FF FF FF FF 7C 05 B8 00 00 00 00 50 AD 8B 18 .....|......P...
1BE0    FF E3 00 02 30 3D 04 C0 1B 00 20 EF 1B 00 20 58 ....0=.... ... X
1BF0    09 C0 B8 FF FF FF FF 74 05 B8 00 00 00 00 50 AD .......t......P.
1C00    8B 18 FF E3 00 03 30 3C 3E 05 E2 1B 00 20 12 1C ......0<>.... ..
1C10    00 20 58 09 C0 B8 FF FF FF FF 75 05 B8 00 00 00 . X.......u.....
1C20    00 50 AD 8B 18 FF E3 00 02 30 3E 04 04 1C 00 20 .P.......0>.... 
1C30    34 1C 00 20 58 09 C0 B8 FF FF FF FF 7F 05 B8 00 4.. X...........
1C40    00 00 00 50 AD 8B 18 FF E3 00 02 55 3C 04 27 1C ...P.......U<.'.
1C50    00 20 56 1C 00 20 5B 58 39 D8 B8 FF FF FF FF 72 . V.. [X9......r
1C60    05 B8 00 00 00 00 50 AD 8B 18 FF E3 00 02 55 3E ......P.......U>
1C70    04 49 1C 00 20 79 1C 00 20 5B 58 39 D8 B8 FF FF .I.. y.. [X9....
1C80    FF FF 77 05 B8 00 00 00 00 50 AD 8B 18 FF E3 00 ..w......P......
1C90    01 21 03 6C 1C 00 20 9B 1C 00 20 5B 58 89 03 AD .!.l.. ... [X...
1CA0    8B 18 FF E3 00 01 40 03 8F 1C 00 20 B0 1C 00 20 ......@.... ... 
1CB0    5B FF 33 AD 8B 18 FF E3 00 02 32 21 04 A4 1C 00 [.3.......2!....
1CC0    20 C5 1C 00 20 5B 8F 03 8F 43 04 AD 8B 18 FF E3  ... [...C......
1CD0    00 02 32 40 04 B8 1C 00 20 DD 1C 00 20 5B FF 73 ..2@.... ... [.s
1CE0    04 FF 33 AD 8B 18 FF E3 00 02 43 21 04 D0 1C 00 ..3.......C!....
1CF0    20 F5 1C 00 20 5B 58 88 03 AD 8B 18 FF E3 00 02  ... [X.........
1D00    43 40 04 E8 1C 00 20 0B 1D 00 20 5B 31 C0 8A 03 C@.... ... [1...
1D10    50 AD 8B 18 FF E3 00 05 43 45 4C 4C 2B 07 FE 1C P.......CELL+...
1D20    00 20 26 1D 00 20 58 83 C0 04 50 AD 8B 18 FF E3 . &.. X...P.....
1D30    00 05 43 45 4C 4C 53 07 16 1D 00 20 40 1D 00 20 ..CELLS.... @.. 
1D40    58 01 C0 01 C0 50 AD 8B 18 FF E3 00 05 43 48 41 X....P.......CHA
1D50    52 2B 07 30 1D 00 20 5B 1D 00 20 58 40 50 AD 8B R+.0.. [.. X@P..
1D60    18 FF E3 00 0E 46 4F 52 54 48 2D 57 4F 52 44 4C .....FORTH-WORDL
1D70    49 53 54 10 4B 1D 00 20 ED 00 00 20 90 27 00 20 IST.K.. ... .'. 
1D80    00 00 00 00 00 00 00 00 3C 61 72 06 3C 7A 77 02 ........<ar.<zw.
1D90    2C 20 C3 00 0F 53 45 41 52 43 48 2D 57 4F 52 44 , ...SEARCH-WORD
1DA0    4C 49 53 54 11 63 1D 00 20 AD 1D 00 20 83 ED 04 LIST.c.. ... ...
1DB0    89 7D 00 83 ED 04 89 75 00 58 8B 30 8B 5F 24 59 .}.....u.X.0._$Y
1DC0    5F 09 F6 74 70 66 8B 06 38 CC 75 33 A8 02 75 2F _..tpf..8.u3..u/
1DD0    56 57 51 83 C6 02 8A 06 8A 27 09 DB 75 0C E8 A5 VWQ......'..u...
1DE0    FF FF FF 86 C4 E8 9E FF FF FF 38 E0 75 0E 46 47 ..........8.u.FG
1DF0    49 09 C9 75 E1 38 E0 59 5F 5E 74 10 59 5F 5E 0F I..u.8.Y_^t.Y_^.
1E00    B6 46 01 01 C6 83 C6 03 8B 36 EB B5 8A 06 A8 01 .F.......6......
1E10    B8 01 00 00 00 75 02 F7 D8 0F B6 5E 01 01 DE 83 .....u.....^....
1E20    C6 07 56 50 8B 75 00 83 C5 04 8B 7D 00 83 C5 04 ..VP.u.....}....
1E30    AD 8B 18 FF E3 6A 00 8B 75 00 83 C5 04 8B 7D 00 .....j..u.....}.
1E40    83 C5 04 AD 8B 18 FF E3 00 0A 46 49 4E 44 2D 46 ..........FIND-F
1E50    4F 52 54 48 0C 93 1D 00 20 07 01 00 20 07 16 00 ORTH.... ... ...
1E60    20 59 17 00 20 21 23 00 20 78 1D 00 20 A9 1D 00  Y.. !#. x.. ...
1E70    20 07 16 00 20 EB 1B 00 20 7E 00 00 20 91 1E 00  ... ... ~.. ...
1E80    20 72 17 00 20 B9 16 00 20 9C 00 00 20 99 1E 00  r.. ... ... ...
1E90    20 72 17 00 20 F3 15 00 20 4F 22 00 20 00 04 46  r.. ... O". ..F
1EA0    49 4E 44 06 48 1E 00 20 6B 01 00 20 59 1E 00 20 IND.H.. k.. Y.. 
1EB0    00 07 45 58 45 43 55 54 45 09 9D 1E 00 20 C2 1E ..EXECUTE.... ..
1EC0    00 20 58 8B 18 FF E3 00 05 28 3F 44 4F 29 07 B0 . X......(?DO)..
1ED0    1E 00 20 D7 1E 00 20 AD 59 5B 39 D9 74 17 83 ED .. ... .Y[9.t...
1EE0    04 89 45 00 83 ED 04 89 5D 00 83 ED 04 89 4D 00 ..E.....].....M.
1EF0    AD 8B 18 FF E3 89 C6 AD 8B 18 FF E3 00 06 28 4C ..............(L
1F00    4F 4F 50 29 08 C7 1E 00 20 0D 1F 00 20 AD 8B 4D OOP).... ... ..M
1F10    00 83 C5 04 8B 5D 00 41 39 D9 75 11 8B 45 00 83 .....].A9.u..E..
1F20    C5 04 8B 45 00 83 C5 04 AD 8B 18 FF E3 83 ED 04 ...E............
1F30    89 4D 00 89 C6 AD 8B 18 FF E3 00 07 28 2B 4C 4F .M..........(+LO
1F40    4F 50 29 09 FC 1E 00 20 4C 1F 00 20 AD 5A 8B 4D OP).... L.. .Z.M
1F50    00 83 C5 04 8B 5D 00 29 CB 09 D2 78 24 39 D3 7E .....].)...x$9.~
1F60    0F 01 D1 83 ED 04 89 4D 00 89 C6 AD 8B 18 FF E3 .......M........
1F70    8B 45 00 83 C5 04 8B 45 00 83 C5 04 AD 8B 18 FF .E.....E........
1F80    E3 39 D3 7F EB EB DA 00 03 3E 49 4E 05 3A 1F 00 .9.......>IN.:..
1F90    20 4B 01 00 20 1C 00 00 00 00 06 28 57 4F 52 44  K.. ......(WORD
1FA0    29 08 87 1F 00 20 AA 1F 00 20 83 ED 04 89 75 00 ).... ... ....u.
1FB0    83 ED 04 89 7D 00 89 F8 83 C0 1C 5F 83 ED 04 89 ....}......_....
1FC0    7D 00 47 59 5E 5A 55 89 C5 31 DB 30 E4 49 78 26 }.GY^ZU..1.0.Ix&
1FD0    AC FF 45 00 08 C0 74 1E 08 E4 74 12 38 D0 74 16 ..E...t...t.8.t.
1FE0    3C 20 7F 05 80 FA 20 74 0D AA FE C3 EB DF 3C 20 < .... t......< 
1FF0    7E DB B4 01 EB F3 5D C6 07 20 8B 7D 00 83 C5 04 ~.....].. .}....
2000    57 88 1F 8B 7D 00 83 C5 04 8B 75 00 83 C5 04 AD W...}.....u.....
2010    8B 18 FF E3 00 04 57 4F 52 44 06 99 1F 00 20 07 ......WORD.... .
2020    01 00 20 A9 07 00 20 91 1F 00 20 AC 1C 00 20 32 .. ... ... ... 2
2030    19 00 20 B9 16 00 20 91 1F 00 20 AC 1C 00 20 1C .. ... ... ... .
2040    19 00 20 B9 16 00 20 A5 02 00 20 A6 1F 00 20 4F .. ... ... ... O
2050    22 00 20 00 07 28 50 41 52 53 45 29 09 14 20 00 ". ..(PARSE).. .
2060    20 65 20 00 20 83 ED 04 89 75 00 59 5E 5A 56 31  e . ....u.Y^ZV1
2070    DB 49 78 0F AC FF 47 1C 08 C0 74 07 38 D0 74 03 .Ix...G...t.8.t.
2080    43 EB EE 53 8B 75 00 83 C5 04 AD 8B 18 FF E3 00 C..S.u..........
2090    05 50 41 52 53 45 07 53 20 00 20 07 01 00 20 A9 .PARSE.S . ... .
20A0    07 00 20 91 1F 00 20 AC 1C 00 20 32 19 00 20 B9 .. ... ... 2.. .
20B0    16 00 20 91 1F 00 20 AC 1C 00 20 1C 19 00 20 B9 .. ... ... ... .
20C0    16 00 20 61 20 00 20 4F 22 00 20 00 04 28 53 22 .. a . O". ..(S"
20D0    29 06 8F 20 00 20 07 01 00 20 72 17 00 20 07 16 ).. . ... r.. ..
20E0    00 20 AC 1C 00 20 B9 16 00 20 22 1D 00 20 9A 15 . ... ... ".. ..
20F0    00 20 1C 19 00 20 59 17 00 20 B9 16 00 20 4F 22 . ... Y.. ... O"
2100    00 20 00 07 53 22 2D 43 4F 4D 50 09 CB 20 00 20 . ..S"-COMP.. . 
2110    07 01 00 20 B2 00 00 20 22 00 00 00 9B 20 00 20 ... ... ".... . 
2120    B2 00 00 20 D6 20 00 20 FC 21 00 20 07 16 00 20 ... . . .!. ... 
2130    D4 21 00 20 8F 22 00 20 35 16 00 20 14 22 00 20 .!. .". 5.. .". 
2140    B9 16 00 20 AB 22 00 20 4F 22 00 20 00 06 53 22 ... .". O". ..S"
2150    2D 49 4E 54 08 02 21 00 20 07 01 00 20 B2 00 00 -INT..!. ... ...
2160    20 22 00 00 00 9B 20 00 20 9A 15 00 20 90 02 00  ".... . ... ...
2170    20 B9 16 00 20 AB 22 00 20 1E 16 00 20 90 02 00  ... .". ... ...
2180    20 B9 16 00 20 4F 22 00 20 01 02 53 22 04 4C 21  ... O". ..S".L!
2190    00 20 8A 01 00 20 59 21 00 20 10 21 00 20 01 01 . ... Y!. .!. ..
21A0    5C 03 89 21 00 20 6B 01 00 20 B8 21 00 20 01 03 \..!. k.. .!. ..
21B0    28 5C 29 05 9E 21 00 20 07 01 00 20 A7 01 00 20 (\)..!. ... ... 
21C0    9B 20 00 20 84 15 00 20 4F 22 00 20 00 01 2C 03 . . ... O". ..,.
21D0    AE 21 00 20 D8 21 00 20 58 8B 1D 2D 03 00 20 89 .!. .!. X..-.. .
21E0    03 83 05 2D 03 00 20 04 AD 8B 18 FF E3 04 08 43 ...-.. ........C
21F0    4F 4D 50 49 4C 45 2C 0A CC 21 00 20 07 01 00 20 OMPILE,..!. ... 
2200    D4 21 00 20 4F 22 00 20 00 05 41 4C 4C 4F 54 07 .!. O". ..ALLOT.
2210    ED 21 00 20 18 22 00 20 58 01 05 2D 03 00 20 AD .!. .". X..-.. .
2220    8B 18 FF E3 00 02 43 2C 04 08 22 00 20 31 22 00 ......C,..". 1".
2230    20 58 8B 1D 2D 03 00 20 88 03 FF 05 2D 03 00 20  X..-.. ....-.. 
2240    AD 8B 18 FF E3 04 03 28 3B 29 05 24 22 00 20 53 .......(;).$". S
2250    22 00 20 8B 75 00 83 C5 04 AD 8B 18 FF E3 05 07 ". .u...........
2260    4C 49 54 45 52 41 4C 09 45 22 00 20 07 01 00 20 LITERAL.E". ... 
2270    B2 00 00 20 B2 00 00 20 FC 21 00 20 D4 21 00 20 ... ... .!. .!. 
2280    4F 22 00 20 00 04 48 45 52 45 06 5E 22 00 20 07 O". ..HERE.^". .
2290    01 00 20 29 03 00 20 AC 1C 00 20 4F 22 00 20 00 .. ).. ... O". .
22A0    05 43 4D 4F 56 45 07 84 22 00 20 AF 22 00 20 83 .CMOVE..". .". .
22B0    ED 04 89 7D 00 83 ED 04 89 75 00 59 5F 5E 09 C9 ...}.....u.Y_^..
22C0    74 03 FC F3 A4 8B 75 00 83 C5 04 8B 7D 00 83 C5 t.....u.....}...
22D0    04 AD 8B 18 FF E3 00 06 43 4D 4F 56 45 3E 08 9F ........CMOVE>..
22E0    22 00 20 E7 22 00 20 83 ED 04 89 7D 00 83 ED 04 ". .". ....}....
22F0    89 75 00 59 5F 01 CF 4F 5E 01 CE 4E 09 C9 76 04 .u.Y_..O^..N..v.
2300    FD F3 A4 FC 8B 75 00 83 C5 04 8B 7D 00 83 C5 04 .....u.....}....
2310    AD 8B 18 FF E3 00 05 43 4F 55 4E 54 07 D6 22 00 .......COUNT..".
2320    20 25 23 00 20 5B 0F B6 03 43 53 50 AD 8B 18 FF  %#. [...CSP....
2330    E3 05 08 32 4C 49 54 45 52 41 4C 0A 15 23 00 20 ...2LITERAL..#. 
2340    07 01 00 20 B2 00 00 20 C8 00 00 20 FC 21 00 20 ... ... ... .!. 
2350    B9 16 00 20 D4 21 00 20 D4 21 00 20 4F 22 00 20 ... .!. .!. O". 
2360    00 02 44 2B 04 31 23 00 20 6D 23 00 20 59 5B 5A ..D+.1#. m#. Y[Z
2370    58 01 D8 11 CA 50 52 AD 8B 18 FF E3 00 07 44 4E X....PR.......DN
2380    45 47 41 54 45 09 60 23 00 20 8E 23 00 20 5A 58 EGATE.`#. .#. ZX
2390    83 E8 01 83 DA 00 F7 D0 F7 D2 50 52 AD 8B 18 FF ..........PR....
23A0    E3 00 05 3E 42 4F 44 59 07 7C 23 00 20 07 01 00 ...>BODY.|#. ...
23B0    20 22 1D 00 20 4F 22 00 20 00 07 3E 4E 55 4D 42  ".. O". ..>NUMB
23C0    45 52 09 A1 23 00 20 CB 23 00 20 83 ED 04 89 7D ER..#. .#. ....}
23D0    00 8B 5F 18 59 5F 5A 58 09 C9 74 59 83 ED 04 89 .._.Y_ZX..tY....
23E0    45 00 8A 07 3C 61 72 06 3C 7A 77 02 2C 20 57 51 E...<ar.<zw., WQ
23F0    BF 59 24 00 20 89 D9 41 F2 AE 75 11 4F 4F 81 EF .Y$. ..A..u.OO..
2400    59 24 00 20 39 DF 7D 05 83 F9 00 7F 0A 59 5F 8B Y$. 9.}......Y_.
2410    45 00 83 C5 04 EB 1E 53 29 CB 89 D9 5B 89 D0 F7 E......S)...[...
2420    E3 50 8B 45 00 83 C5 04 F7 E3 01 C8 59 11 CA 59 .P.E........Y..Y
2430    49 5F 47 EB A3 50 52 57 51 8B 7D 00 83 C5 04 AD I_G..PRWQ.}.....
2440    8B 18 FF E3 00 06 44 49 47 49 54 53 08 B9 23 00 ......DIGITS..#.
2450    20 2F 01 00 20 59 24 00 20 30 31 32 33 34 35 36  /.. Y$. 0123456
2460    37 38 39 41 42 43 44 45 46 47 48 49 4A 4B 4C 4D 789ABCDEFGHIJKLM
2470    4E 4F 50 51 52 53 54 55 56 57 58 59 5A 00 00 03 NOPQRSTUVWXYZ...
2480    53 3E 44 05 44 24 00 20 8C 24 00 20 58 99 50 52 S>D.D$. .$. X.PR
2490    AD 8B 18 FF E3 00 08 45 58 43 2D 50 55 53 48 0A .......EXC-PUSH.
24A0    7E 24 00 20 07 01 00 20 2E 17 00 20 72 17 00 20 ~$. ... ... r.. 
24B0    B9 16 00 20 59 17 00 20 78 02 00 20 AC 1C 00 20 ... Y.. x.. ... 
24C0    59 17 00 20 4B 18 00 20 78 02 00 20 97 1C 00 20 Y.. K.. x.. ... 
24D0    59 17 00 20 4F 22 00 20 00 08 45 58 43 2D 44 52 Y.. O". ..EXC-DR
24E0    4F 50 0A 95 24 00 20 07 01 00 20 72 17 00 20 72 OP..$. ... r.. r
24F0    17 00 20 78 02 00 20 97 1C 00 20 72 17 00 20 F3 .. x.. ... r.. .
2500    15 00 20 59 17 00 20 4F 22 00 20 00 05 43 41 54 .. Y.. O". ..CAT
2510    43 48 07 D8 24 00 20 07 01 00 20 A4 24 00 20 BE CH..$. ... .$. .
2520    1E 00 20 E7 24 00 20 A7 01 00 20 4F 22 00 20 00 .. .$. ... O". .
2530    07 28 54 48 52 4F 57 29 09 0B 25 00 20 07 01 00 .(THROW)..%. ...
2540    20 78 02 00 20 AC 1C 00 20 5F 18 00 20 72 17 00  x.. ... _.. r..
2550    20 78 02 00 20 97 1C 00 20 72 17 00 20 B9 16 00  x.. ... r.. ...
2560    20 59 17 00 20 44 17 00 20 F3 15 00 20 72 17 00  Y.. D.. ... r..
2570    20 4F 22 00 20 00 05 54 48 52 4F 57 07 2F 25 00  O". ..THROW./%.
2580    20 07 01 00 20 67 15 00 20 7E 00 00 20 95 25 00  ... g.. ~.. .%.
2590    20 3D 25 00 20 4F 22 00 20 00 03 52 2F 4F 05 75  =%. O". ..R/O.u
25A0    25 00 20 2F 01 00 20 00 00 00 00 00 09 52 45 41 %. /.. ......REA
25B0    44 2D 4C 49 4E 45 0B 99 25 00 20 6B 01 00 20 AC D-LINE..%. k.. .
25C0    05 00 20 00 0A 28 49 4E 43 4C 55 44 45 44 29 0C .. ..(INCLUDED).
25D0    AB 25 00 20 07 01 00 20 A3 25 00 20 39 05 00 20 .%. ... .%. 9.. 
25E0    81 25 00 20 16 26 00 20 4F 22 00 20 00 08 49 4E .%. .&. O". ..IN
25F0    43 4C 55 44 45 44 0A C3 25 00 20 6B 01 00 20 D4 CLUDED..%. k.. .
2600    25 00 20 00 0C 49 4E 43 4C 55 44 45 2D 46 49 4C %. ..INCLUDE-FIL
2610    45 0E EC 25 00 20 07 01 00 20 B9 08 00 20 9F 08 E..%. ... ... ..
2620    00 20 6D 07 00 20 50 07 00 20 02 05 00 20 F3 15 . m.. P.. ... ..
2630    00 20 E8 01 00 20 C1 1C 00 20 A7 01 00 20 05 08 . ... ... ... ..
2640    00 20 7E 00 00 20 66 26 00 20 F3 15 00 20 B2 00 . ~.. f&. ... ..
2650    00 20 8C 0F 00 20 17 25 00 20 67 15 00 20 7E 00 . ... .%. g.. ~.
2660    00 20 26 26 00 20 50 07 00 20 91 04 00 20 F3 15 . &&. P.. ... ..
2670    00 20 DF 08 00 20 81 25 00 20 4F 22 00 20 00 0F . ... .%. O". ..
2680    53 41 56 45 2D 49 4E 50 55 54 2D 46 49 4C 45 11 SAVE-INPUT-FILE.
2690    03 26 00 20 07 01 00 20 50 07 00 20 E8 01 00 20 .&. ... P.. ... 
26A0    D9 1C 00 20 91 1F 00 20 AC 1C 00 20 B2 00 00 20 ... ... ... ... 
26B0    D9 26 00 20 B2 00 00 20 05 00 00 00 4F 22 00 20 .&. ... ....O". 
26C0    00 12 52 45 53 54 4F 52 45 2D 49 4E 50 55 54 2D ..RESTORE-INPUT-
26D0    46 49 4C 45 14 7E 26 00 20 07 01 00 20 F3 15 00 FILE.~&. ... ...
26E0    20 07 16 00 20 91 1F 00 20 97 1C 00 20 88 24 00  ... ... ... .$.
26F0    20 69 23 00 20 E8 01 00 20 C1 1C 00 20 07 16 00  i#. ... ... ...
2700    20 6D 07 00 20 30 1C 00 20 7E 00 00 20 29 27 00  m.. 0.. ~.. )'.
2710    20 E8 01 00 20 D9 1C 00 20 50 07 00 20 75 05 00  ... ... P.. u..
2720    20 05 08 00 20 84 15 00 20 4F 22 00 20 00 10 52  ... ... O". ..R
2730    45 53 45 54 2D 49 4E 50 55 54 2D 46 49 4C 45 12 ESET-INPUT-FILE.
2740    C0 26 00 20 07 01 00 20 A7 01 00 20 07 16 00 20 .&. ... ... ... 
2750    91 1F 00 20 97 1C 00 20 07 16 00 20 6D 07 00 20 ... ... ... m.. 
2760    88 24 00 20 E8 01 00 20 C1 1C 00 20 4F 22 00 20 .$. ... ... O". 
2770    58 8F 05 E2 02 00 20 8F 05 D1 02 00 20 50 A1 75 X..... ..... P.u
2780    03 00 20 50 6A 00 6A 00 A1 5C 00 00 20 FF D0 C3 .. Pj.j..\.. ...
2790    02 08 44 4F 2D 46 4F 52 54 48 0A 2D 27 00 20 07 ..DO-FORTH.-'. .
27A0    01 00 20 F4 06 00 20 DE 02 00 20 AC 1C 00 20 CD .. ... ... ... .
27B0    02 00 20 AC 1C 00 20 B2 00 00 20 FB 25 00 20 17 .. ... ... .%. .
27C0    25 00 20 7E 00 00 20 EB 28 00 20 B2 00 00 20 0D %. ~.. .(. ... .
27D0    00 00 00 DE 05 00 20 B2 00 00 20 0A 00 00 00 DE ...... ... .....
27E0    05 00 20 1C 07 00 20 22 45 78 63 65 70 74 69 6F .. ... "Exceptio
27F0    6E 20 63 61 75 67 68 74 20 77 68 69 6C 65 20 49 n caught while I
2800    4E 43 4C 55 44 69 6E 67 20 5B DE 02 00 20 AC 1C NCLUDing [... ..
2810    00 20 CD 02 00 20 AC 1C 00 20 05 06 00 20 1C 07 . ... ... ... ..
2820    00 20 01 5D 84 15 00 20 B2 00 00 20 0D 00 00 00 . .]... ... ....
2830    DE 05 00 20 B2 00 00 20 0A 00 00 00 DE 05 00 20 ... ... ....... 
2840    1C 07 00 20 16 4C 61 74 65 73 74 20 77 6F 72 64 ... .Latest word
2850    20 73 65 61 72 63 68 65 64 3A 20 A5 02 00 20 21  searched: ... !
2860    23 00 20 05 06 00 20 B2 00 00 20 0D 00 00 00 DE #. ... ... .....
2870    05 00 20 B2 00 00 20 0A 00 00 00 DE 05 00 20 1C .. ... ....... .
2880    07 00 20 19 4C 61 74 65 73 74 20 76 6F 63 61 62 .. .Latest vocab
2890    75 6C 61 72 79 20 65 6E 74 72 79 3A 20 BD 10 00 ulary entry: ...
28A0    20 40 15 00 20 07 16 00 20 0E 1C 00 20 7E 00 00  @.. ... ... ~..
28B0    20 C1 28 00 20 05 06 00 20 9C 00 00 20 D3 28 00  .(. ... ... .(.
28C0    20 84 15 00 20 1C 07 00 20 09 28 6E 6F 6E 61 6D  ... ... .(nonam
28D0    65 64 29 B2 00 00 20 0D 00 00 00 DE 05 00 20 B2 ed)... ....... .
28E0    00 00 20 0A 00 00 00 DE 05 00 20 AC 03 00 20 4F .. ....... ... O
28F0    22 00 20 00 00 00 00 00 00 00 00 00 00 00 00 00 ". .............
2900    00 00 00 00 00 00 00 00 00 00 00 00 00 00 00 00 ................
	--- Above line repeats 14 times ---
29F0    00 00 00 00 00 00 00 00 00 00 00 00 00 00 00 00 ................

				.new_section .idata, "drw4"
0000    00 00 00 00 00 00 00 00 00 00 00 00 00 00 00 00 ................
	--- Above line repeats 30 times ---
01F0    00 00 00 00 00 00 00 00 00 00 00 00 00 00 00 00 ................

				.new_section .reloc, "dnr4"
0000    00 10 00 00 E0 03 00 00 FD 3A 01 3B 05 3B 09 3B .........:.;.;.;
0010    0D 3B 11 3B 15 3B 19 3B 1D 3B 2D 3B 31 3B 35 3B .;.;.;.;.;-;1;5;
0020    39 3B 3D 3B 41 3B 50 3B 54 3B 58 3B 5C 3B 60 3B 9;=;A;P;T;X;\;`;
0030    75 3B 79 3B 92 3B 96 3B 9A 3B 9E 3B A2 3B A6 3B u;y;.;.;.;.;.;.;
0040    AE 3B B2 3B B6 3B BA 3B BE 3B C6 3B CA 3B CE 3B .;.;.;.;.;.;.;.;
0050    D2 3B E8 3B EC 3B F0 3B F4 3B F8 3B FC 3B 00 3C .;.;.;.;.;.;.;.<
0060    04 3C 08 3C 0C 3C 1D 3C 21 3C 25 3C 29 3C 2D 3C .<.<.<.<!<%<)<-<
0070    31 3C 35 3C 39 3C 3D 3C 41 3C 45 3C 59 3C 5D 3C 1<5<9<=<A<E<Y<]<
0080    61 3C 65 3C 69 3C 6D 3C 71 3C 75 3C 79 3C 81 3C a<e<i<m<q<u<y<.<
0090    85 3C 89 3C 8D 3C 95 3C 99 3C 9D 3C A1 3C A5 3C .<.<.<.<.<.<.<.<
00A0    A9 3C AD 3C B1 3C B5 3C B9 3C BD 3C C1 3C C5 3C .<.<.<.<.<.<.<.<
00B0    C9 3C DC 3C E0 3C E4 3C E8 3C EC 3C F0 3C F4 3C .<.<.<.<.<.<.<.<
00C0    F8 3C FC 3C 00 3D 04 3D 08 3D 0C 3D 10 3D 14 3D .<.<.=.=.=.=.=.=
00D0    18 3D 1C 3D 20 3D 24 3D 28 3D 2C 3D 30 3D 3D 3D .=.= =$=(=,=0===
00E0    41 3D 45 3D 49 3D 4D 3D 51 3D 55 3D 59 3D 6D 3D A=E=I=M=Q=U=Y=m=
00F0    71 3D 75 3D 79 3D 7D 3D 81 3D 85 3D 89 3D 91 3D q=u=y=}=.=.=.=.=
0100    95 3D 99 3D 9D 3D A1 3D A5 3D A9 3D AD 3D B1 3D .=.=.=.=.=.=.=.=
0110    B5 3D B9 3D BD 3D C1 3D C5 3D C9 3D D7 3D DB 3D .=.=.=.=.=.=.=.=
0120    DF 3D E3 3D E7 3D EB 3D EF 3D F3 3D 0B 3E 0F 3E .=.=.=.=.=.=.>.>
0130    13 3E 17 3E 1B 3E 1F 3E 23 3E 27 3E 2B 3E 2F 3E .>.>.>.>#>'>+>/>
0140    37 3E 3B 3E 3F 3E 43 3E 47 3E 4B 3E 53 3E 57 3E 7>;>?>C>G>K>S>W>
0150    5B 3E 5F 3E 63 3E 67 3E 6B 3E 6F 3E 73 3E 77 3E [>_>c>g>k>o>s>w>
0160    7B 3E 7F 3E 83 3E 87 3E 8B 3E 8F 3E 93 3E 97 3E {>.>.>.>.>.>.>.>
0170    9B 3E 9F 3E A3 3E A7 3E BC 3E C0 3E C4 3E C8 3E .>.>.>.>.>.>.>.>
0180    CC 3E D0 3E D4 3E D8 3E DC 3E E0 3E E4 3E E8 3E .>.>.>.>.>.>.>.>
0190    EC 3E F0 3E F4 3E F8 3E FC 3E 00 3F 04 3F 08 3F .>.>.>.>.>.?.?.?
01A0    0C 3F 10 3F 14 3F 18 3F 39 3F 3D 3F 41 3F 45 3F .?.?.?.?9?=?A?E?
01B0    4D 3F 51 3F 70 3F 74 3F 78 3F 88 3F 8C 3F 90 3F M?Q?p?t?x?.?.?.?
01C0    94 3F 98 3F 9C 3F A0 3F A4 3F A8 3F AC 3F B0 3F .?.?.?.?.?.?.?.?
01D0    B4 3F B8 3F BC 3F D2 3F D6 3F FA 3F FE 3F 18 30 .?.?.?.?.?.?.?.0
01E0    1C 30 20 30 7E 30 98 30 9C 30 AE 30 B2 30 C4 30 .0 0~0.0.0.0.0.0
01F0    C8 30 E5 30 E9 30 FF 30 03 31 27 31 2B 31 43 31 .0.0.0.0.1'1+1C1
0200    47 31 63 31 67 31 82 31 86 31 8F 31 A3 31 A7 31 G1c1g1.1.1.1.1.1
0210    C0 31 C4 31 E4 31 E8 31 FC 31 00 32 15 32 19 32 .1.1.1.1.1.2.2.2
0220    38 32 3C 32 54 32 58 32 74 32 78 32 8C 32 90 32 82<2T2X2t2x2.2.2
0230    A1 32 A5 32 B7 32 BB 32 C9 32 CD 32 DA 32 DE 32 .2.2.2.2.2.2.2.2
0240    F7 32 FB 32 14 33 18 33 1C 33 25 33 29 33 2D 33 .2.2.3.3.3%3)3-3
0250    39 33 3D 33 4C 33 50 33 5D 33 61 33 6D 33 71 33 93=3L3P3]3a3m3q3
0260    75 33 80 33 84 33 8F 33 A8 33 AC 33 B7 33 D7 33 u3.3.3.3.3.3.3.3
0270    DB 33 FD 33 01 34 0C 34 2C 34 30 34 3B 34 5F 34 .3.3.4.4,404;4_4
0280    63 34 6E 34 8D 34 91 34 9C 34 C4 34 C8 34 D3 34 c4n4.4.4.4.4.4.4
0290    FE 34 02 35 0D 35 35 35 39 35 44 35 71 35 75 35 .4.5.55595D5q5u5
02A0    80 35 A8 35 AC 35 B7 35 DA 35 DE 35 E9 35 01 36 .5.5.5.5.5.5.5.6
02B0    05 36 10 36 2A 36 2E 36 3A 36 57 36 5B 36 66 36 .6.6*6.6:6W6[6f6
02C0    88 36 8C 36 97 36 BA 36 BE 36 C9 36 F0 36 F4 36 .6.6.6.6.6.6.6.6
02D0    06 37 18 37 1C 37 20 37 24 37 28 37 2C 37 30 37 .7.7.7 7$7(7,707
02E0    34 37 38 37 3C 37 4C 37 50 37 69 37 6D 37 84 37 4787<7L7P7i7m7.7
02F0    88 37 8C 37 90 37 94 37 98 37 A5 37 A9 37 AD 37 .7.7.7.7.7.7.7.7
0300    BC 37 C0 37 C4 37 C8 37 D0 37 D4 37 D8 37 DC 37 .7.7.7.7.7.7.7.7
0310    E0 37 E4 37 E8 37 EC 37 F0 37 F4 37 01 38 05 38 .7.7.7.7.7.7.8.8
0320    09 38 1C 38 20 38 24 38 35 38 39 38 3D 38 41 38 .8.8 8$85898=8A8
0330    55 38 59 38 5D 38 61 38 65 38 69 38 6D 38 81 38 U8Y8]8a8e8i8m8.8
0340    85 38 89 38 9B 38 9F 38 A3 38 A7 38 B5 38 B9 38 .8.8.8.8.8.8.8.8
0350    BD 38 C1 38 C5 38 C9 38 CD 38 DB 38 DF 38 E3 38 .8.8.8.8.8.8.8.8
0360    E7 38 EB 38 EF 38 F3 38 F7 38 09 39 0D 39 42 39 .8.8.8.8.8.9.9B9
0370    63 39 6C 39 70 39 74 39 A1 39 BA 39 C3 39 C7 39 c9l9p9t9.9.9.9.9
0380    DB 39 DF 39 E3 39 F5 39 F9 39 FD 39 1B 3A 1F 3A .9.9.9.9.9.9.:.:
0390    36 3A 3A 3A 3E 3A 42 3A 46 3A 4A 3A 4E 3A 61 3A 6:::>:B:F:J:N:a:
03A0    65 3A 69 3A 6D 3A 71 3A 85 3A 89 3A 8D 3A 91 3A e:i:m:q:.:.:.:.:
03B0    95 3A 99 3A A5 3A A9 3A AD 3A B1 3A B5 3A B9 3A .:.:.:.:.:.:.:.:
03C0    BD 3A C1 3A C5 3A C9 3A D1 3A D5 3A D9 3A DD 3A .:.:.:.:.:.:.:.:
03D0    E1 3A E5 3A E9 3A ED 3A F1 3A F5 3A F9 3A 00 00 .:.:.:.:.:.:.:..
03E0    00 20 00 00 24 03 00 00 A2 37 BF 37 C3 37 E0 37 . ..$....7.7.7.7
03F0    E4 37 FE 37 02 38 1B 38 1F 38 2D 38 31 38 47 38 .7.7.8.8.8-818G8
0400    4B 38 5B 38 5F 38 6E 38 72 38 8A 38 8E 38 B0 38 K8[8_8n8r8.8.8.8
0410    B4 38 DA 38 DE 38 02 39 06 39 18 39 1C 39 2E 39 .8.8.8.9.9.9.9.9
0420    32 39 45 39 49 39 5A 39 5E 39 6F 39 73 39 85 39 29E9I9Z9^9o9s9.9
0430    89 39 9F 39 A3 39 BA 39 BE 39 D1 39 D5 39 ED 39 .9.9.9.9.9.9.9.9
0440    F1 39 07 3A 0B 3A 21 3A 25 3A 3D 3A 41 3A 57 3A .9.:.:!:%:=:A:W:
0450    5B 3A 72 3A 76 3A 88 3A 8C 3A A0 3A A4 3A B8 3A [:r:v:.:.:.:.:.:
0460    BC 3A 12 3B 16 3B 28 3B 2C 3B 3B 3B 3F 3B 5D 3B .:.;.;(;,;;;?;];
0470    61 3B 7F 3B 83 3B A2 3B A6 3B C5 3B C9 3B E7 3B a;.;.;.;.;.;.;.;
0480    EB 3B 0A 3C 0E 3C 2C 3C 30 3C 4E 3C 52 3C 71 3C .;.<.<,<0<N<R<q<
0490    75 3C 93 3C 97 3C A8 3C AC 3C BD 3C C1 3C D5 3C u<.<.<.<.<.<.<.<
04A0    D9 3C ED 3C F1 3C 03 3D 07 3D 1E 3D 22 3D 38 3D .<.<.<.=.=.="=8=
04B0    3C 3D 53 3D 57 3D 74 3D 78 3D 7C 3D A5 3D A9 3D <=S=W=t=x=|=.=.=
04C0    55 3E 59 3E 5D 3E 61 3E 65 3E 69 3E 6D 3E 71 3E U>Y>]>a>e>i>m>q>
04D0    75 3E 79 3E 7D 3E 81 3E 85 3E 89 3E 8D 3E 91 3E u>y>}>.>.>.>.>.>
04E0    95 3E 99 3E A4 3E A8 3E AC 3E BA 3E BE 3E CF 3E .>.>.>.>.>.>.>.>
04F0    D3 3E 05 3F 09 3F 44 3F 48 3F 8D 3F 91 3F A2 3F .>.?.?D?H?.?.?.?
0500    A6 3F 18 30 1C 30 2D 30 31 30 46 30 4A 30 5C 30 .?.0.0-010F0J0\0
0510    60 30 78 30 7C 30 9E 30 A2 30 B9 30 BD 30 DD 30 `0x0|0.0.0.0.0.0
0520    E1 30 FF 30 03 31 07 31 0B 31 0F 31 13 31 17 31 .0.0.1.1.1.1.1.1
0530    1F 31 23 31 27 31 2B 31 2F 31 33 31 37 31 3B 31 .1#1'1+1/13171;1
0540    43 31 47 31 5B 31 5F 31 63 31 67 31 6B 31 6F 31 C1G1[1_1c1g1k1o1
0550    73 31 77 31 7B 31 81 31 85 31 89 31 8D 31 91 31 s1w1{1.1.1.1.1.1
0560    95 31 99 31 9D 31 A1 31 A5 31 A9 31 AD 31 B1 31 .1.1.1.1.1.1.1.1
0570    C6 31 CA 31 CE 31 D4 31 E6 31 EA 31 EE 31 FE 31 .1.1.1.1.1.1.1.1
0580    02 32 06 32 0A 32 0E 32 12 32 16 32 1A 32 1E 32 .2.2.2.2.2.2.2.2
0590    22 32 26 32 2A 32 2E 32 32 32 36 32 3A 32 3E 32 "2&2*2.22262:2>2
05A0    42 32 46 32 4A 32 4E 32 56 32 5A 32 5E 32 62 32 B2F2J2N2V2Z2^2b2
05B0    66 32 6A 32 6E 32 7B 32 7F 32 83 32 87 32 8B 32 f2j2n2{2.2.2.2.2
05C0    8F 32 93 32 97 32 9B 32 A3 32 A7 32 AB 32 AF 32 .2.2.2.2.2.2.2.2
05D0    B3 32 C1 32 C5 32 C9 32 CD 32 D1 32 E5 32 E9 32 .2.2.2.2.2.2.2.2
05E0    ED 32 F1 32 F5 32 F9 32 FD 32 01 33 1B 33 1F 33 .2.2.2.2.2.3.3.3
05F0    23 33 27 33 2B 33 2F 33 33 33 37 33 3B 33 49 33 #3'3+3/33373;3I3
0600    4D 33 51 33 55 33 63 33 67 33 6B 33 6F 33 81 33 M3Q3U3c3g3k3o3.3
0610    85 33 89 33 8D 33 91 33 95 33 99 33 9D 33 A1 33 .3.3.3.3.3.3.3.3
0620    A5 33 B9 33 BD 33 C1 33 C5 33 C9 33 CD 33 D1 33 .3.3.3.3.3.3.3.3
0630    D5 33 D9 33 DD 33 E1 33 F6 33 FA 33 FE 33 02 34 .3.3.3.3.3.3.3.4
0640    06 34 0A 34 0E 34 12 34 16 34 1A 34 26 34 2A 34 .4.4.4.4.4.4&4*4
0650    46 34 4A 34 6B 34 6F 34 73 34 77 34 87 34 8B 34 F4J4k4o4s4w4.4.4
0660    8F 34 93 34 9F 34 A3 34 A7 34 AB 34 AF 34 BB 34 .4.4.4.4.4.4.4.4
0670    BF 34 C3 34 C7 34 CB 34 D7 34 DB 34 DF 34 E7 34 .4.4.4.4.4.4.4.4
0680    EB 34 F7 34 FB 34 FF 34 07 35 0B 35 1A 35 1E 35 .4.4.4.4.5.5.5.5
0690    22 35 26 35 2A 35 2E 35 3C 35 40 35 44 35 48 35 "5&5*5.5<5@5D5H5
06A0    4C 35 50 35 54 35 58 35 63 35 67 35 80 35 84 35 L5P5T5X5c5g5.5.5
06B0    96 35 9A 35 B4 35 B8 35 D3 35 D7 35 EF 35 F3 35 .5.5.5.5.5.5.5.5
06C0    03 36 07 36 1A 36 1E 36 31 36 35 36 49 36 4D 36 .6.6.6.61656I6M6
06D0    63 36 67 36 9B 36 9F 36 B5 36 B9 36 CD 36 D1 36 c6g6.6.6.6.6.6.6
06E0    E6 36 EA 36 02 37 06 37 14 37 18 37 2A 37 2E 37 .6.6.7.7.7.7*7.7
06F0    40 37 44 37 55 37 59 37 6E 37 72 37 87 37 8B 37 @7D7U7Y7n7r7.7.7
0700    9E 37 00 00 00 30 00 00 B0 02 00 00 F5 36 F9 36 .7...0.......6.6
0710    FD 36 01 37 05 37 09 37 0D 37 11 37 15 37 19 37 .6.7.7.7.7.7.7.7
0720    1D 37 21 37 25 37 29 37 40 37 44 37 48 37 4C 37 .7!7%7)7@7D7H7L7
0730    50 37 54 37 58 37 5C 37 60 37 64 37 68 37 6C 37 P7T7X7\7`7d7h7l7
0740    73 37 79 37 7F 37 89 37 9B 37 9F 37 A3 37 A7 37 s7y7.7.7.7.7.7.7
0750    AB 37 AF 37 B3 37 B7 37 BB 37 BF 37 C3 37 C7 37 .7.7.7.7.7.7.7.7
0760    CB 37 D3 37 D7 37 DF 37 E3 37 0A 38 0E 38 12 38 .7.7.7.7.7.8.8.8
0770    16 38 1A 38 1E 38 24 38 28 38 30 38 34 38 3C 38 .8.8.8$8(80848<8
0780    40 38 5B 38 5F 38 63 38 67 38 6F 38 73 38 7B 38 @8[8_8c8g8o8s8{8
0790    7F 38 9D 38 A1 38 A5 38 A9 38 AD 38 B1 38 B5 38 .8.8.8.8.8.8.8.8
07A0    B9 38 BD 38 C1 38 C5 38 D3 38 DB 38 DF 38 E7 38 .8.8.8.8.8.8.8.8
07B0    EB 38 EF 38 1B 30 1F 30 23 30 27 30 2B 30 2F 30 .8.8.0.0#0'0+0/0
07C0    33 30 37 30 3B 30 3F 30 43 30 47 30 4B 30 4F 30 3070;0?0C0G0K0O0
07D0    5D 30 61 30 97 30 9B 30 9F 30 A3 30 A7 30 AB 30 ]0a0.0.0.0.0.0.0
07E0    AF 30 B3 30 B7 30 BB 30 BF 30 C3 30 C7 30 D2 30 .0.0.0.0.0.0.0.0
07F0    D6 30 DA 30 DE 30 E2 30 E6 30 EA 30 EE 30 F2 30 .0.0.0.0.0.0.0.0
0800    F6 30 FA 30 FE 30 0C 31 10 31 14 31 1C 31 20 31 .0.0.0.1.1.1.1 1
0810    24 31 28 31 2C 31 30 31 34 31 38 31 3C 31 40 31 $1(1,1014181<1@1
0820    44 31 48 31 55 31 59 31 5D 31 65 31 69 31 6D 31 D1H1U1Y1]1e1i1m1
0830    71 31 75 31 79 31 7D 31 81 31 85 31 8E 31 92 31 q1u1y1}1.1.1.1.1
0840    96 31 9A 31 A2 31 A6 31 AA 31 B4 31 B8 31 BC 31 .1.1.1.1.1.1.1.1
0850    C0 31 C4 31 C8 31 D0 31 D4 31 DB 31 E3 31 F8 31 .1.1.1.1.1.1.1.1
0860    FC 31 00 32 04 32 10 32 14 32 1B 32 29 32 2D 32 .1.2.2.2.2.2)2-2
0870    34 32 3C 32 4B 32 4F 32 68 32 6C 32 70 32 74 32 42<2K2O2h2l2p2t2
0880    78 32 7C 32 80 32 8B 32 8F 32 93 32 97 32 9B 32 x2|2.2.2.2.2.2.2
0890    A7 32 AB 32 DF 32 E3 32 1D 33 21 33 3C 33 40 33 .2.2.2.2.3!3<3@3
08A0    44 33 48 33 4C 33 50 33 54 33 58 33 5C 33 65 33 D3H3L3P3T3X3\3e3
08B0    69 33 86 33 8A 33 A9 33 AD 33 B1 33 B5 33 C3 33 i3.3.3.3.3.3.3.3
08C0    C7 33 F1 33 00 34 4D 34 51 34 55 34 84 34 88 34 .3.3.4M4Q4U4.4.4
08D0    A0 34 A4 34 A8 34 AC 34 B0 34 B4 34 B8 34 BC 34 .4.4.4.4.4.4.4.4
08E0    C0 34 C4 34 C8 34 CC 34 D0 34 D4 34 E3 34 E7 34 .4.4.4.4.4.4.4.4
08F0    EB 34 EF 34 F3 34 F7 34 FB 34 FF 34 03 35 07 35 .4.4.4.4.4.4.5.5
0900    13 35 17 35 1B 35 1F 35 23 35 27 35 2B 35 39 35 .5.5.5.5#5'5+595
0910    3D 35 41 35 45 35 49 35 4D 35 51 35 55 35 59 35 =5A5E5I5M5Q5U5Y5
0920    5D 35 61 35 65 35 69 35 6D 35 71 35 7D 35 81 35 ]5a5e5i5m5q5}5.5
0930    85 35 89 35 8D 35 91 35 95 35 9F 35 A3 35 B7 35 .5.5.5.5.5.5.5.5
0940    BB 35 BF 35 D0 35 D4 35 D8 35 DC 35 E0 35 E4 35 .5.5.5.5.5.5.5.5
0950    E8 35 F7 35 FB 35 FF 35 12 36 16 36 1A 36 1E 36 .5.5.5.5.6.6.6.6
0960    22 36 26 36 2A 36 2E 36 32 36 36 36 3A 36 3E 36 "6&6*6.62666:6>6
0970    42 36 46 36 4A 36 4E 36 52 36 56 36 5A 36 5E 36 B6F6J6N6R6V6Z6^6
0980    62 36 66 36 6A 36 6E 36 72 36 76 36 7A 36 90 36 b6f6j6n6r6v6z6.6
0990    94 36 98 36 9C 36 A0 36 A4 36 A8 36 AC 36 B0 36 .6.6.6.6.6.6.6.6
09A0    B4 36 BC 36 D5 36 D9 36 DD 36 E1 36 E5 36 E9 36 .6.6.6.6.6.6.6.6
09B0    ED 36 F1 36 00 00 00 00 00 00 00 00 00 00 00 00 .6.6............
09C0    00 00 00 00 00 00 00 00 00 00 00 00 00 00 00 00 ................
09D0    00 00 00 00 00 00 00 00 00 00 00 00 00 00 00 00 ................
09E0    00 00 00 00 00 00 00 00 00 00 00 00 00 00 00 00 ................
09F0    00 00 00 00 00 00 00 00 00 00 00 00 00 00 00 00 ................

